<?xml version="1.0" encoding="UTF-8"?>
<robot generator="Robot 6.0.2 (Python 3.10.7 on win32)" generated="20230517 08:12:45.377" rpa="false" schemaversion="3">
<suite id="s1" name="Tests" source="C:\Users\lgutierrez\Documents\Testing_Course\Robot_Framework\lgutierrez_Exercises_AT\tests">
<suite id="s1-s1" name="Exercises" source="C:\Users\lgutierrez\Documents\Testing_Course\Robot_Framework\lgutierrez_Exercises_AT\tests\Exercises.robot">
<test id="s1-s1-t1" name="Add Remove Elements" line="49">
<kw name="Begin Web Test" library="Common" type="SETUP">
<kw name="Set Variable" library="BuiltIn">
<var>${full}</var>
<arg>${EXECDIR}${/}Download${/}</arg>
<doc>Returns the given values which can then be assigned to a variables.</doc>
<msg timestamp="20230517 08:12:46.678" level="INFO">${full} = C:\Users\lgutierrez\Documents\Testing_Course\Robot_Framework\lgutierrez_Exercises_AT\Download\</msg>
<status status="PASS" starttime="20230517 08:12:46.678" endtime="20230517 08:12:46.678"/>
</kw>
<kw name="Normalize Path" library="OperatingSystem">
<var>${path}</var>
<arg>${full}</arg>
<doc>Normalizes the given path.</doc>
<msg timestamp="20230517 08:12:46.678" level="INFO">${path} = C:\Users\lgutierrez\Documents\Testing_Course\Robot_Framework\lgutierrez_Exercises_AT\Download</msg>
<status status="PASS" starttime="20230517 08:12:46.678" endtime="20230517 08:12:46.678"/>
</kw>
<kw name="Create Dictionary" library="BuiltIn">
<var>${prefs}</var>
<arg>download.default_directory=${path}</arg>
<arg>download.prompt_for_download=${FALSE}</arg>
<arg>download.directory_upgrade=${TRUE}</arg>
<arg>safebrowsing.enabled=${TRUE}</arg>
<arg>profile.default_content_settings.popups=1</arg>
<arg>profile.default_content_setting_values.automatic_downloads=1</arg>
<doc>Creates and returns a dictionary based on the given ``items``.</doc>
<msg timestamp="20230517 08:12:46.679" level="INFO">${prefs} = {'download.default_directory': 'C:\\Users\\lgutierrez\\Documents\\Testing_Course\\Robot_Framework\\lgutierrez_Exercises_AT\\Download', 'download.prompt_for_download': False, 'download.directory_upgrad...</msg>
<status status="PASS" starttime="20230517 08:12:46.678" endtime="20230517 08:12:46.679"/>
</kw>
<kw name="Set Selenium Speed" library="SeleniumLibrary">
<arg>0.01s</arg>
<doc>Sets the delay that is waited after each Selenium command.</doc>
<status status="PASS" starttime="20230517 08:12:46.679" endtime="20230517 08:12:46.679"/>
</kw>
<kw name="Open Browser" library="SeleniumLibrary">
<arg>about:blanck</arg>
<arg>${BROWSER}</arg>
<arg>options=add_experimental_option("prefs",${prefs})</arg>
<doc>Opens a new browser instance to the optional ``url``.</doc>
<msg timestamp="20230517 08:12:46.680" level="INFO">Opening browser 'gc' to base url 'about:blanck'.</msg>
<msg timestamp="20230517 08:12:46.701" level="INFO">Executing: C:\Users\lgutierrez\AppData\Local\Programs\Python\Python310\lib\site-packages\selenium\webdriver\common\windows\selenium-manager.exe --browser chrome --output json</msg>
<status status="PASS" starttime="20230517 08:12:46.679" endtime="20230517 08:12:49.798"/>
</kw>
<kw name="Set Window Position" library="SeleniumLibrary">
<arg>x=-5</arg>
<arg>y=0</arg>
<doc>Sets window position using ``x`` and ``y`` coordinates.</doc>
<status status="PASS" starttime="20230517 08:12:49.798" endtime="20230517 08:12:49.924"/>
</kw>
<kw name="Set Window Size" library="SeleniumLibrary">
<arg>width=1920</arg>
<arg>height=1080</arg>
<doc>Sets current windows size to given ``width`` and ``height``.</doc>
<status status="PASS" starttime="20230517 08:12:49.924" endtime="20230517 08:12:50.050"/>
</kw>
<status status="PASS" starttime="20230517 08:12:46.678" endtime="20230517 08:12:50.051"/>
</kw>
<kw name="Go To Add/Elements Link" library="LandingPage">
<kw name="Navigate To" library="LandingPage">
<kw name="Go To" library="SeleniumLibrary">
<arg>${BASE_URL}</arg>
<doc>Navigates the current browser window to the provided ``url``.</doc>
<msg timestamp="20230517 08:12:50.056" level="INFO">Opening url 'https://the-internet.herokuapp.com/'</msg>
<status status="PASS" starttime="20230517 08:12:50.055" endtime="20230517 08:12:51.180"/>
</kw>
<status status="PASS" starttime="20230517 08:12:50.054" endtime="20230517 08:12:51.180"/>
</kw>
<kw name="Verify Page Loaded" library="LandingPage">
<kw name="Wait Until Page Contains" library="SeleniumLibrary">
<arg>${HOME_HEADER_LABEL}</arg>
<doc>Waits until ``text`` appears on the current page.</doc>
<status status="PASS" starttime="20230517 08:12:51.180" endtime="20230517 08:12:51.211"/>
</kw>
<status status="PASS" starttime="20230517 08:12:51.180" endtime="20230517 08:12:51.211"/>
</kw>
<kw name="Click Link" library="SeleniumLibrary">
<arg>${LINK_ADD_DELETE}</arg>
<doc>Clicks a link identified by ``locator``.</doc>
<msg timestamp="20230517 08:12:51.212" level="INFO">Clicking link '//*[@id="content"]/ul/li[2]/a'.</msg>
<status status="PASS" starttime="20230517 08:12:51.211" endtime="20230517 08:12:51.443"/>
</kw>
<status status="PASS" starttime="20230517 08:12:50.052" endtime="20230517 08:12:51.443"/>
</kw>
<kw name="Add Element" library="AddRemoveElements">
<kw name="Repeat Keyword" library="BuiltIn">
<arg>20</arg>
<arg>Click Button</arg>
<arg>${ADDREMOVE_ADD_BUTTON_ELEMENT}</arg>
<doc>Executes the specified keyword multiple times.</doc>
<msg timestamp="20230517 08:12:51.444" level="INFO">Repeating keyword, round 1/20.</msg>
<kw name="Click Button" library="SeleniumLibrary">
<arg>${ADDREMOVE_ADD_BUTTON_ELEMENT}</arg>
<doc>Clicks the button identified by ``locator``.</doc>
<msg timestamp="20230517 08:12:51.444" level="INFO">Clicking button 'Add Element'.</msg>
<status status="PASS" starttime="20230517 08:12:51.444" endtime="20230517 08:12:51.568"/>
</kw>
<msg timestamp="20230517 08:12:51.568" level="INFO">Repeating keyword, round 2/20.</msg>
<kw name="Click Button" library="SeleniumLibrary">
<arg>${ADDREMOVE_ADD_BUTTON_ELEMENT}</arg>
<doc>Clicks the button identified by ``locator``.</doc>
<msg timestamp="20230517 08:12:51.571" level="INFO">Clicking button 'Add Element'.</msg>
<status status="PASS" starttime="20230517 08:12:51.569" endtime="20230517 08:12:51.692"/>
</kw>
<msg timestamp="20230517 08:12:51.692" level="INFO">Repeating keyword, round 3/20.</msg>
<kw name="Click Button" library="SeleniumLibrary">
<arg>${ADDREMOVE_ADD_BUTTON_ELEMENT}</arg>
<doc>Clicks the button identified by ``locator``.</doc>
<msg timestamp="20230517 08:12:51.694" level="INFO">Clicking button 'Add Element'.</msg>
<status status="PASS" starttime="20230517 08:12:51.693" endtime="20230517 08:12:51.816"/>
</kw>
<msg timestamp="20230517 08:12:51.816" level="INFO">Repeating keyword, round 4/20.</msg>
<kw name="Click Button" library="SeleniumLibrary">
<arg>${ADDREMOVE_ADD_BUTTON_ELEMENT}</arg>
<doc>Clicks the button identified by ``locator``.</doc>
<msg timestamp="20230517 08:12:51.816" level="INFO">Clicking button 'Add Element'.</msg>
<status status="PASS" starttime="20230517 08:12:51.816" endtime="20230517 08:12:51.940"/>
</kw>
<msg timestamp="20230517 08:12:51.940" level="INFO">Repeating keyword, round 5/20.</msg>
<kw name="Click Button" library="SeleniumLibrary">
<arg>${ADDREMOVE_ADD_BUTTON_ELEMENT}</arg>
<doc>Clicks the button identified by ``locator``.</doc>
<msg timestamp="20230517 08:12:51.940" level="INFO">Clicking button 'Add Element'.</msg>
<status status="PASS" starttime="20230517 08:12:51.940" endtime="20230517 08:12:52.050"/>
</kw>
<msg timestamp="20230517 08:12:52.050" level="INFO">Repeating keyword, round 6/20.</msg>
<kw name="Click Button" library="SeleniumLibrary">
<arg>${ADDREMOVE_ADD_BUTTON_ELEMENT}</arg>
<doc>Clicks the button identified by ``locator``.</doc>
<msg timestamp="20230517 08:12:52.050" level="INFO">Clicking button 'Add Element'.</msg>
<status status="PASS" starttime="20230517 08:12:52.050" endtime="20230517 08:12:52.157"/>
</kw>
<msg timestamp="20230517 08:12:52.157" level="INFO">Repeating keyword, round 7/20.</msg>
<kw name="Click Button" library="SeleniumLibrary">
<arg>${ADDREMOVE_ADD_BUTTON_ELEMENT}</arg>
<doc>Clicks the button identified by ``locator``.</doc>
<msg timestamp="20230517 08:12:52.159" level="INFO">Clicking button 'Add Element'.</msg>
<status status="PASS" starttime="20230517 08:12:52.158" endtime="20230517 08:12:52.314"/>
</kw>
<msg timestamp="20230517 08:12:52.314" level="INFO">Repeating keyword, round 8/20.</msg>
<kw name="Click Button" library="SeleniumLibrary">
<arg>${ADDREMOVE_ADD_BUTTON_ELEMENT}</arg>
<doc>Clicks the button identified by ``locator``.</doc>
<msg timestamp="20230517 08:12:52.315" level="INFO">Clicking button 'Add Element'.</msg>
<status status="PASS" starttime="20230517 08:12:52.314" endtime="20230517 08:12:52.454"/>
</kw>
<msg timestamp="20230517 08:12:52.454" level="INFO">Repeating keyword, round 9/20.</msg>
<kw name="Click Button" library="SeleniumLibrary">
<arg>${ADDREMOVE_ADD_BUTTON_ELEMENT}</arg>
<doc>Clicks the button identified by ``locator``.</doc>
<msg timestamp="20230517 08:12:52.454" level="INFO">Clicking button 'Add Element'.</msg>
<status status="PASS" starttime="20230517 08:12:52.454" endtime="20230517 08:12:52.593"/>
</kw>
<msg timestamp="20230517 08:12:52.593" level="INFO">Repeating keyword, round 10/20.</msg>
<kw name="Click Button" library="SeleniumLibrary">
<arg>${ADDREMOVE_ADD_BUTTON_ELEMENT}</arg>
<doc>Clicks the button identified by ``locator``.</doc>
<msg timestamp="20230517 08:12:52.593" level="INFO">Clicking button 'Add Element'.</msg>
<status status="PASS" starttime="20230517 08:12:52.593" endtime="20230517 08:12:52.702"/>
</kw>
<msg timestamp="20230517 08:12:52.702" level="INFO">Repeating keyword, round 11/20.</msg>
<kw name="Click Button" library="SeleniumLibrary">
<arg>${ADDREMOVE_ADD_BUTTON_ELEMENT}</arg>
<doc>Clicks the button identified by ``locator``.</doc>
<msg timestamp="20230517 08:12:52.702" level="INFO">Clicking button 'Add Element'.</msg>
<status status="PASS" starttime="20230517 08:12:52.702" endtime="20230517 08:12:52.844"/>
</kw>
<msg timestamp="20230517 08:12:52.844" level="INFO">Repeating keyword, round 12/20.</msg>
<kw name="Click Button" library="SeleniumLibrary">
<arg>${ADDREMOVE_ADD_BUTTON_ELEMENT}</arg>
<doc>Clicks the button identified by ``locator``.</doc>
<msg timestamp="20230517 08:12:52.845" level="INFO">Clicking button 'Add Element'.</msg>
<status status="PASS" starttime="20230517 08:12:52.844" endtime="20230517 08:12:53.002"/>
</kw>
<msg timestamp="20230517 08:12:53.002" level="INFO">Repeating keyword, round 13/20.</msg>
<kw name="Click Button" library="SeleniumLibrary">
<arg>${ADDREMOVE_ADD_BUTTON_ELEMENT}</arg>
<doc>Clicks the button identified by ``locator``.</doc>
<msg timestamp="20230517 08:12:53.003" level="INFO">Clicking button 'Add Element'.</msg>
<status status="PASS" starttime="20230517 08:12:53.003" endtime="20230517 08:12:53.110"/>
</kw>
<msg timestamp="20230517 08:12:53.110" level="INFO">Repeating keyword, round 14/20.</msg>
<kw name="Click Button" library="SeleniumLibrary">
<arg>${ADDREMOVE_ADD_BUTTON_ELEMENT}</arg>
<doc>Clicks the button identified by ``locator``.</doc>
<msg timestamp="20230517 08:12:53.111" level="INFO">Clicking button 'Add Element'.</msg>
<status status="PASS" starttime="20230517 08:12:53.110" endtime="20230517 08:12:53.204"/>
</kw>
<msg timestamp="20230517 08:12:53.204" level="INFO">Repeating keyword, round 15/20.</msg>
<kw name="Click Button" library="SeleniumLibrary">
<arg>${ADDREMOVE_ADD_BUTTON_ELEMENT}</arg>
<doc>Clicks the button identified by ``locator``.</doc>
<msg timestamp="20230517 08:12:53.204" level="INFO">Clicking button 'Add Element'.</msg>
<status status="PASS" starttime="20230517 08:12:53.204" endtime="20230517 08:12:53.327"/>
</kw>
<msg timestamp="20230517 08:12:53.327" level="INFO">Repeating keyword, round 16/20.</msg>
<kw name="Click Button" library="SeleniumLibrary">
<arg>${ADDREMOVE_ADD_BUTTON_ELEMENT}</arg>
<doc>Clicks the button identified by ``locator``.</doc>
<msg timestamp="20230517 08:12:53.327" level="INFO">Clicking button 'Add Element'.</msg>
<status status="PASS" starttime="20230517 08:12:53.327" endtime="20230517 08:12:53.406"/>
</kw>
<msg timestamp="20230517 08:12:53.406" level="INFO">Repeating keyword, round 17/20.</msg>
<kw name="Click Button" library="SeleniumLibrary">
<arg>${ADDREMOVE_ADD_BUTTON_ELEMENT}</arg>
<doc>Clicks the button identified by ``locator``.</doc>
<msg timestamp="20230517 08:12:53.406" level="INFO">Clicking button 'Add Element'.</msg>
<status status="PASS" starttime="20230517 08:12:53.406" endtime="20230517 08:12:53.531"/>
</kw>
<msg timestamp="20230517 08:12:53.531" level="INFO">Repeating keyword, round 18/20.</msg>
<kw name="Click Button" library="SeleniumLibrary">
<arg>${ADDREMOVE_ADD_BUTTON_ELEMENT}</arg>
<doc>Clicks the button identified by ``locator``.</doc>
<msg timestamp="20230517 08:12:53.531" level="INFO">Clicking button 'Add Element'.</msg>
<status status="PASS" starttime="20230517 08:12:53.531" endtime="20230517 08:12:53.641"/>
</kw>
<msg timestamp="20230517 08:12:53.641" level="INFO">Repeating keyword, round 19/20.</msg>
<kw name="Click Button" library="SeleniumLibrary">
<arg>${ADDREMOVE_ADD_BUTTON_ELEMENT}</arg>
<doc>Clicks the button identified by ``locator``.</doc>
<msg timestamp="20230517 08:12:53.641" level="INFO">Clicking button 'Add Element'.</msg>
<status status="PASS" starttime="20230517 08:12:53.641" endtime="20230517 08:12:53.750"/>
</kw>
<msg timestamp="20230517 08:12:53.750" level="INFO">Repeating keyword, round 20/20.</msg>
<kw name="Click Button" library="SeleniumLibrary">
<arg>${ADDREMOVE_ADD_BUTTON_ELEMENT}</arg>
<doc>Clicks the button identified by ``locator``.</doc>
<msg timestamp="20230517 08:12:53.750" level="INFO">Clicking button 'Add Element'.</msg>
<status status="PASS" starttime="20230517 08:12:53.750" endtime="20230517 08:12:53.874"/>
</kw>
<status status="PASS" starttime="20230517 08:12:51.443" endtime="20230517 08:12:53.874"/>
</kw>
<status status="PASS" starttime="20230517 08:12:51.443" endtime="20230517 08:12:53.874"/>
</kw>
<kw name="Verify Elements Added" library="AddRemoveElements">
<arg>20</arg>
<kw name="Page Should Contain Element" library="SeleniumLibrary">
<arg>//div[@id="elements"]/button[20]</arg>
<arg>${ExpectedProductCount}</arg>
<doc>Verifies that element ``locator`` is found on the current page.</doc>
<msg timestamp="20230517 08:12:53.905" level="INFO">Current page contains element '//div[@id="elements"]/button[20]'.</msg>
<status status="PASS" starttime="20230517 08:12:53.875" endtime="20230517 08:12:53.905"/>
</kw>
<status status="PASS" starttime="20230517 08:12:53.874" endtime="20230517 08:12:53.905"/>
</kw>
<kw name="Delete Element" library="AddRemoveElements">
<kw name="Repeat Keyword" library="BuiltIn">
<arg>20</arg>
<arg>Click Button</arg>
<arg>${ADDREMOVE_DELETE_BUTTON_ELEMENT}</arg>
<doc>Executes the specified keyword multiple times.</doc>
<msg timestamp="20230517 08:12:53.906" level="INFO">Repeating keyword, round 1/20.</msg>
<kw name="Click Button" library="SeleniumLibrary">
<arg>${ADDREMOVE_DELETE_BUTTON_ELEMENT}</arg>
<doc>Clicks the button identified by ``locator``.</doc>
<msg timestamp="20230517 08:12:53.906" level="INFO">Clicking button '//div[@id="elements"]/button[1]'.</msg>
<status status="PASS" starttime="20230517 08:12:53.906" endtime="20230517 08:12:54.048"/>
</kw>
<msg timestamp="20230517 08:12:54.048" level="INFO">Repeating keyword, round 2/20.</msg>
<kw name="Click Button" library="SeleniumLibrary">
<arg>${ADDREMOVE_DELETE_BUTTON_ELEMENT}</arg>
<doc>Clicks the button identified by ``locator``.</doc>
<msg timestamp="20230517 08:12:54.048" level="INFO">Clicking button '//div[@id="elements"]/button[1]'.</msg>
<status status="PASS" starttime="20230517 08:12:54.048" endtime="20230517 08:12:54.171"/>
</kw>
<msg timestamp="20230517 08:12:54.171" level="INFO">Repeating keyword, round 3/20.</msg>
<kw name="Click Button" library="SeleniumLibrary">
<arg>${ADDREMOVE_DELETE_BUTTON_ELEMENT}</arg>
<doc>Clicks the button identified by ``locator``.</doc>
<msg timestamp="20230517 08:12:54.171" level="INFO">Clicking button '//div[@id="elements"]/button[1]'.</msg>
<status status="PASS" starttime="20230517 08:12:54.171" endtime="20230517 08:12:54.296"/>
</kw>
<msg timestamp="20230517 08:12:54.296" level="INFO">Repeating keyword, round 4/20.</msg>
<kw name="Click Button" library="SeleniumLibrary">
<arg>${ADDREMOVE_DELETE_BUTTON_ELEMENT}</arg>
<doc>Clicks the button identified by ``locator``.</doc>
<msg timestamp="20230517 08:12:54.296" level="INFO">Clicking button '//div[@id="elements"]/button[1]'.</msg>
<status status="PASS" starttime="20230517 08:12:54.296" endtime="20230517 08:12:54.419"/>
</kw>
<msg timestamp="20230517 08:12:54.419" level="INFO">Repeating keyword, round 5/20.</msg>
<kw name="Click Button" library="SeleniumLibrary">
<arg>${ADDREMOVE_DELETE_BUTTON_ELEMENT}</arg>
<doc>Clicks the button identified by ``locator``.</doc>
<msg timestamp="20230517 08:12:54.420" level="INFO">Clicking button '//div[@id="elements"]/button[1]'.</msg>
<status status="PASS" starttime="20230517 08:12:54.419" endtime="20230517 08:12:54.544"/>
</kw>
<msg timestamp="20230517 08:12:54.544" level="INFO">Repeating keyword, round 6/20.</msg>
<kw name="Click Button" library="SeleniumLibrary">
<arg>${ADDREMOVE_DELETE_BUTTON_ELEMENT}</arg>
<doc>Clicks the button identified by ``locator``.</doc>
<msg timestamp="20230517 08:12:54.544" level="INFO">Clicking button '//div[@id="elements"]/button[1]'.</msg>
<status status="PASS" starttime="20230517 08:12:54.544" endtime="20230517 08:12:54.669"/>
</kw>
<msg timestamp="20230517 08:12:54.669" level="INFO">Repeating keyword, round 7/20.</msg>
<kw name="Click Button" library="SeleniumLibrary">
<arg>${ADDREMOVE_DELETE_BUTTON_ELEMENT}</arg>
<doc>Clicks the button identified by ``locator``.</doc>
<msg timestamp="20230517 08:12:54.669" level="INFO">Clicking button '//div[@id="elements"]/button[1]'.</msg>
<status status="PASS" starttime="20230517 08:12:54.669" endtime="20230517 08:12:54.796"/>
</kw>
<msg timestamp="20230517 08:12:54.796" level="INFO">Repeating keyword, round 8/20.</msg>
<kw name="Click Button" library="SeleniumLibrary">
<arg>${ADDREMOVE_DELETE_BUTTON_ELEMENT}</arg>
<doc>Clicks the button identified by ``locator``.</doc>
<msg timestamp="20230517 08:12:54.796" level="INFO">Clicking button '//div[@id="elements"]/button[1]'.</msg>
<status status="PASS" starttime="20230517 08:12:54.796" endtime="20230517 08:12:54.905"/>
</kw>
<msg timestamp="20230517 08:12:54.905" level="INFO">Repeating keyword, round 9/20.</msg>
<kw name="Click Button" library="SeleniumLibrary">
<arg>${ADDREMOVE_DELETE_BUTTON_ELEMENT}</arg>
<doc>Clicks the button identified by ``locator``.</doc>
<msg timestamp="20230517 08:12:54.905" level="INFO">Clicking button '//div[@id="elements"]/button[1]'.</msg>
<status status="PASS" starttime="20230517 08:12:54.905" endtime="20230517 08:12:55.028"/>
</kw>
<msg timestamp="20230517 08:12:55.028" level="INFO">Repeating keyword, round 10/20.</msg>
<kw name="Click Button" library="SeleniumLibrary">
<arg>${ADDREMOVE_DELETE_BUTTON_ELEMENT}</arg>
<doc>Clicks the button identified by ``locator``.</doc>
<msg timestamp="20230517 08:12:55.028" level="INFO">Clicking button '//div[@id="elements"]/button[1]'.</msg>
<status status="PASS" starttime="20230517 08:12:55.028" endtime="20230517 08:12:55.154"/>
</kw>
<msg timestamp="20230517 08:12:55.154" level="INFO">Repeating keyword, round 11/20.</msg>
<kw name="Click Button" library="SeleniumLibrary">
<arg>${ADDREMOVE_DELETE_BUTTON_ELEMENT}</arg>
<doc>Clicks the button identified by ``locator``.</doc>
<msg timestamp="20230517 08:12:55.154" level="INFO">Clicking button '//div[@id="elements"]/button[1]'.</msg>
<status status="PASS" starttime="20230517 08:12:55.154" endtime="20230517 08:12:55.266"/>
</kw>
<msg timestamp="20230517 08:12:55.266" level="INFO">Repeating keyword, round 12/20.</msg>
<kw name="Click Button" library="SeleniumLibrary">
<arg>${ADDREMOVE_DELETE_BUTTON_ELEMENT}</arg>
<doc>Clicks the button identified by ``locator``.</doc>
<msg timestamp="20230517 08:12:55.266" level="INFO">Clicking button '//div[@id="elements"]/button[1]'.</msg>
<status status="PASS" starttime="20230517 08:12:55.266" endtime="20230517 08:12:55.392"/>
</kw>
<msg timestamp="20230517 08:12:55.392" level="INFO">Repeating keyword, round 13/20.</msg>
<kw name="Click Button" library="SeleniumLibrary">
<arg>${ADDREMOVE_DELETE_BUTTON_ELEMENT}</arg>
<doc>Clicks the button identified by ``locator``.</doc>
<msg timestamp="20230517 08:12:55.392" level="INFO">Clicking button '//div[@id="elements"]/button[1]'.</msg>
<status status="PASS" starttime="20230517 08:12:55.392" endtime="20230517 08:12:55.529"/>
</kw>
<msg timestamp="20230517 08:12:55.529" level="INFO">Repeating keyword, round 14/20.</msg>
<kw name="Click Button" library="SeleniumLibrary">
<arg>${ADDREMOVE_DELETE_BUTTON_ELEMENT}</arg>
<doc>Clicks the button identified by ``locator``.</doc>
<msg timestamp="20230517 08:12:55.529" level="INFO">Clicking button '//div[@id="elements"]/button[1]'.</msg>
<status status="PASS" starttime="20230517 08:12:55.529" endtime="20230517 08:12:55.653"/>
</kw>
<msg timestamp="20230517 08:12:55.653" level="INFO">Repeating keyword, round 15/20.</msg>
<kw name="Click Button" library="SeleniumLibrary">
<arg>${ADDREMOVE_DELETE_BUTTON_ELEMENT}</arg>
<doc>Clicks the button identified by ``locator``.</doc>
<msg timestamp="20230517 08:12:55.653" level="INFO">Clicking button '//div[@id="elements"]/button[1]'.</msg>
<status status="PASS" starttime="20230517 08:12:55.653" endtime="20230517 08:12:55.793"/>
</kw>
<msg timestamp="20230517 08:12:55.793" level="INFO">Repeating keyword, round 16/20.</msg>
<kw name="Click Button" library="SeleniumLibrary">
<arg>${ADDREMOVE_DELETE_BUTTON_ELEMENT}</arg>
<doc>Clicks the button identified by ``locator``.</doc>
<msg timestamp="20230517 08:12:55.793" level="INFO">Clicking button '//div[@id="elements"]/button[1]'.</msg>
<status status="PASS" starttime="20230517 08:12:55.793" endtime="20230517 08:12:55.915"/>
</kw>
<msg timestamp="20230517 08:12:55.915" level="INFO">Repeating keyword, round 17/20.</msg>
<kw name="Click Button" library="SeleniumLibrary">
<arg>${ADDREMOVE_DELETE_BUTTON_ELEMENT}</arg>
<doc>Clicks the button identified by ``locator``.</doc>
<msg timestamp="20230517 08:12:55.915" level="INFO">Clicking button '//div[@id="elements"]/button[1]'.</msg>
<status status="PASS" starttime="20230517 08:12:55.915" endtime="20230517 08:12:56.040"/>
</kw>
<msg timestamp="20230517 08:12:56.040" level="INFO">Repeating keyword, round 18/20.</msg>
<kw name="Click Button" library="SeleniumLibrary">
<arg>${ADDREMOVE_DELETE_BUTTON_ELEMENT}</arg>
<doc>Clicks the button identified by ``locator``.</doc>
<msg timestamp="20230517 08:12:56.040" level="INFO">Clicking button '//div[@id="elements"]/button[1]'.</msg>
<status status="PASS" starttime="20230517 08:12:56.040" endtime="20230517 08:12:56.163"/>
</kw>
<msg timestamp="20230517 08:12:56.163" level="INFO">Repeating keyword, round 19/20.</msg>
<kw name="Click Button" library="SeleniumLibrary">
<arg>${ADDREMOVE_DELETE_BUTTON_ELEMENT}</arg>
<doc>Clicks the button identified by ``locator``.</doc>
<msg timestamp="20230517 08:12:56.163" level="INFO">Clicking button '//div[@id="elements"]/button[1]'.</msg>
<status status="PASS" starttime="20230517 08:12:56.163" endtime="20230517 08:12:56.286"/>
</kw>
<msg timestamp="20230517 08:12:56.286" level="INFO">Repeating keyword, round 20/20.</msg>
<kw name="Click Button" library="SeleniumLibrary">
<arg>${ADDREMOVE_DELETE_BUTTON_ELEMENT}</arg>
<doc>Clicks the button identified by ``locator``.</doc>
<msg timestamp="20230517 08:12:56.286" level="INFO">Clicking button '//div[@id="elements"]/button[1]'.</msg>
<status status="PASS" starttime="20230517 08:12:56.286" endtime="20230517 08:12:56.411"/>
</kw>
<status status="PASS" starttime="20230517 08:12:53.906" endtime="20230517 08:12:56.411"/>
</kw>
<status status="PASS" starttime="20230517 08:12:53.905" endtime="20230517 08:12:56.411"/>
</kw>
<kw name="Verify Elements Deleted" library="AddRemoveElements">
<arg>0</arg>
<kw name="Page Should Not Contain Element" library="SeleniumLibrary">
<arg>${ADDREMOVE_DELETE_BUTTON_ELEMENT}</arg>
<arg>${ExpectedProductDeleted}</arg>
<doc>Verifies that element ``locator`` is not found on the current page.</doc>
<msg timestamp="20230517 08:12:56.442" level="INFO">Current page does not contain element '//div[@id="elements"]/button[1]'.</msg>
<status status="PASS" starttime="20230517 08:12:56.412" endtime="20230517 08:12:56.442"/>
</kw>
<status status="PASS" starttime="20230517 08:12:56.411" endtime="20230517 08:12:56.442"/>
</kw>
<kw name="End Web Test" library="Common" type="TEARDOWN">
<kw name="Close All Browsers" library="SeleniumLibrary">
<doc>Closes all open browsers and resets the browser cache.</doc>
<status status="PASS" starttime="20230517 08:12:56.443" endtime="20230517 08:12:58.735"/>
</kw>
<status status="PASS" starttime="20230517 08:12:56.443" endtime="20230517 08:12:58.736"/>
</kw>
<doc>Test to add and remove elements</doc>
<tag>Add/RemoveElements</tag>
<status status="PASS" starttime="20230517 08:12:46.677" endtime="20230517 08:12:58.737"/>
</test>
<doc>This project is about Exercisie Automated Testing in http://moodle/mod/assign/view.php?id=1825</doc>
<status status="PASS" starttime="20230517 08:12:45.417" endtime="20230517 08:12:58.741"/>
</suite>
<status status="PASS" starttime="20230517 08:12:45.379" endtime="20230517 08:12:58.748"/>
</suite>
<statistics>
<total>
<stat pass="1" fail="0" skip="0">All Tests</stat>
</total>
<tag>
<stat pass="1" fail="0" skip="0">Add/RemoveElements</stat>
</tag>
<suite>
<stat pass="1" fail="0" skip="0" id="s1" name="Tests">Tests</stat>
<stat pass="1" fail="0" skip="0" id="s1-s1" name="Exercises">Tests.Exercises</stat>
</suite>
</statistics>
<errors>
</errors>
</robot>
