<?xml version="1.0" encoding="UTF-8"?>
<robot generator="Robot 6.0.2 (Python 3.10.7 on win32)" generated="20230517 12:56:26.144" rpa="false" schemaversion="3">
<suite id="s1" name="Tests" source="C:\Users\lgutierrez\Documents\Testing_Course\Robot_Framework\lgutierrez_Exercises_AT\tests">
<suite id="s1-s1" name="Exercises" source="C:\Users\lgutierrez\Documents\Testing_Course\Robot_Framework\lgutierrez_Exercises_AT\tests\Exercises.robot">
<test id="s1-s1-t1" name="Dynamic Content" line="112">
<kw name="Begin Web Test" library="Common" type="SETUP">
<kw name="Set Variable" library="BuiltIn">
<var>${full}</var>
<arg>${EXECDIR}${/}Download${/}</arg>
<doc>Returns the given values which can then be assigned to a variables.</doc>
<msg timestamp="20230517 12:56:26.668" level="INFO">${full} = C:\Users\lgutierrez\Documents\Testing_Course\Robot_Framework\lgutierrez_Exercises_AT\Download\</msg>
<status status="PASS" starttime="20230517 12:56:26.668" endtime="20230517 12:56:26.668"/>
</kw>
<kw name="Normalize Path" library="OperatingSystem">
<var>${path}</var>
<arg>${full}</arg>
<doc>Normalizes the given path.</doc>
<msg timestamp="20230517 12:56:26.668" level="INFO">${path} = C:\Users\lgutierrez\Documents\Testing_Course\Robot_Framework\lgutierrez_Exercises_AT\Download</msg>
<status status="PASS" starttime="20230517 12:56:26.668" endtime="20230517 12:56:26.668"/>
</kw>
<kw name="Create Dictionary" library="BuiltIn">
<var>${prefs}</var>
<arg>download.default_directory=${path}</arg>
<arg>download.prompt_for_download=${FALSE}</arg>
<arg>download.directory_upgrade=${TRUE}</arg>
<arg>safebrowsing.enabled=${TRUE}</arg>
<arg>profile.default_content_settings.popups=1</arg>
<arg>profile.default_content_setting_values.automatic_downloads=1</arg>
<doc>Creates and returns a dictionary based on the given ``items``.</doc>
<msg timestamp="20230517 12:56:26.669" level="INFO">${prefs} = {'download.default_directory': 'C:\\Users\\lgutierrez\\Documents\\Testing_Course\\Robot_Framework\\lgutierrez_Exercises_AT\\Download', 'download.prompt_for_download': False, 'download.directory_upgrad...</msg>
<status status="PASS" starttime="20230517 12:56:26.668" endtime="20230517 12:56:26.669"/>
</kw>
<kw name="Set Selenium Speed" library="SeleniumLibrary">
<arg>0.01s</arg>
<doc>Sets the delay that is waited after each Selenium command.</doc>
<status status="PASS" starttime="20230517 12:56:26.669" endtime="20230517 12:56:26.669"/>
</kw>
<kw name="Open Browser" library="SeleniumLibrary">
<arg>about:blanck</arg>
<arg>${BROWSER}</arg>
<arg>options=add_experimental_option("prefs",${prefs})</arg>
<doc>Opens a new browser instance to the optional ``url``.</doc>
<msg timestamp="20230517 12:56:26.670" level="INFO">Opening browser 'gc' to base url 'about:blanck'.</msg>
<msg timestamp="20230517 12:56:26.690" level="INFO">Executing: C:\Users\lgutierrez\AppData\Local\Programs\Python\Python310\lib\site-packages\selenium\webdriver\common\windows\selenium-manager.exe --browser chrome --output json</msg>
<status status="PASS" starttime="20230517 12:56:26.669" endtime="20230517 12:56:28.631"/>
</kw>
<kw name="Set Window Position" library="SeleniumLibrary">
<arg>x=-5</arg>
<arg>y=0</arg>
<doc>Sets window position using ``x`` and ``y`` coordinates.</doc>
<status status="PASS" starttime="20230517 12:56:28.631" endtime="20230517 12:56:28.756"/>
</kw>
<kw name="Set Window Size" library="SeleniumLibrary">
<arg>width=1920</arg>
<arg>height=1080</arg>
<doc>Sets current windows size to given ``width`` and ``height``.</doc>
<status status="PASS" starttime="20230517 12:56:28.756" endtime="20230517 12:56:28.896"/>
</kw>
<status status="PASS" starttime="20230517 12:56:26.667" endtime="20230517 12:56:28.896"/>
</kw>
<kw name="Go To Dynamic Content Link" library="LandingPage">
<kw name="Navigate To" library="LandingPage">
<kw name="Go To" library="SeleniumLibrary">
<arg>${BASE_URL}</arg>
<doc>Navigates the current browser window to the provided ``url``.</doc>
<msg timestamp="20230517 12:56:28.898" level="INFO">Opening url 'https://the-internet.herokuapp.com/'</msg>
<status status="PASS" starttime="20230517 12:56:28.898" endtime="20230517 12:56:30.014"/>
</kw>
<status status="PASS" starttime="20230517 12:56:28.897" endtime="20230517 12:56:30.014"/>
</kw>
<kw name="Verify Page Loaded" library="LandingPage">
<kw name="Wait Until Page Contains" library="SeleniumLibrary">
<arg>${HOME_HEADER_LABEL}</arg>
<doc>Waits until ``text`` appears on the current page.</doc>
<status status="PASS" starttime="20230517 12:56:30.015" endtime="20230517 12:56:30.044"/>
</kw>
<status status="PASS" starttime="20230517 12:56:30.014" endtime="20230517 12:56:30.044"/>
</kw>
<kw name="Click Link" library="SeleniumLibrary">
<arg>${LINK_DYNAMIC_CONTENT}</arg>
<doc>Clicks a link identified by ``locator``.</doc>
<msg timestamp="20230517 12:56:30.045" level="INFO">Clicking link '//*[@id="content"]/ul/li[12]/a'.</msg>
<status status="PASS" starttime="20230517 12:56:30.044" endtime="20230517 12:56:30.354"/>
</kw>
<status status="PASS" starttime="20230517 12:56:28.897" endtime="20230517 12:56:30.354"/>
</kw>
<kw name="Entering The First Five Images Into A List" library="DynamicContent">
<kw name="Create List" library="BuiltIn">
<var>${First_5_Images}</var>
<doc>Returns a list containing given items.</doc>
<msg timestamp="20230517 12:56:30.355" level="INFO">${First_5_Images} = []</msg>
<status status="PASS" starttime="20230517 12:56:30.355" endtime="20230517 12:56:30.355"/>
</kw>
<kw name="Get Length" library="BuiltIn">
<var>${length}</var>
<arg>${First_5_Images}</arg>
<doc>Returns and logs the length of the given item as an integer.</doc>
<msg timestamp="20230517 12:56:30.355" level="INFO">Length is 0</msg>
<msg timestamp="20230517 12:56:30.355" level="INFO">${length} = 0</msg>
<status status="PASS" starttime="20230517 12:56:30.355" endtime="20230517 12:56:30.355"/>
</kw>
<while condition="'TRUE'">
<iter>
<if>
<branch type="IF" condition="${length} == 0">
<kw name="Get Element Attribute" library="SeleniumLibrary">
<var>${src}</var>
<arg>${DYNAMIC_CONTENT_IMG1}</arg>
<arg>src</arg>
<doc>Returns the value of ``attribute`` from the element ``locator``.</doc>
<msg timestamp="20230517 12:56:30.417" level="INFO">${src} = https://the-internet.herokuapp.com/img/avatars/Original-Facebook-Geek-Profile-Avatar-5.jpg</msg>
<status status="PASS" starttime="20230517 12:56:30.355" endtime="20230517 12:56:30.417"/>
</kw>
<kw name="Append In List" library="DynamicContent">
<arg>${First_5_Images}</arg>
<arg>${src}</arg>
<kw name="Append To List" library="Collections">
<arg>${First_5_Images}</arg>
<arg>${src}</arg>
<doc>Adds ``values`` to the end of ``list``.</doc>
<status status="PASS" starttime="20230517 12:56:30.417" endtime="20230517 12:56:30.418"/>
</kw>
<status status="PASS" starttime="20230517 12:56:30.417" endtime="20230517 12:56:30.418"/>
</kw>
<status status="PASS" starttime="20230517 12:56:30.355" endtime="20230517 12:56:30.418"/>
</branch>
<status status="PASS" starttime="20230517 12:56:30.355" endtime="20230517 12:56:30.418"/>
</if>
<kw name="Refresh Page Until All The Images Appears At Least One Time" library="DynamicContent">
<kw name="Reload Page" library="SeleniumLibrary">
<doc>Simulates user reloading page.</doc>
<status status="PASS" starttime="20230517 12:56:30.418" endtime="20230517 12:56:30.618"/>
</kw>
<status status="PASS" starttime="20230517 12:56:30.418" endtime="20230517 12:56:30.618"/>
</kw>
<for flavor="IN RANGE">
<var>${i}</var>
<value>1</value>
<value>4</value>
<iter>
<var name="${i}">1</var>
<kw name="Get Element Attribute" library="SeleniumLibrary">
<var>${src}</var>
<arg>${DYNAMIC_CONTENT_IMG${i}}</arg>
<arg>src</arg>
<doc>Returns the value of ``attribute`` from the element ``locator``.</doc>
<msg timestamp="20230517 12:56:30.679" level="INFO">${src} = https://the-internet.herokuapp.com/img/avatars/Original-Facebook-Geek-Profile-Avatar-6.jpg</msg>
<status status="PASS" starttime="20230517 12:56:30.620" endtime="20230517 12:56:30.679"/>
</kw>
<for flavor="IN">
<var>${j}</var>
<value>@{First_5_Images}</value>
<iter>
<var name="${j}">https://the-internet.herokuapp.com/img/avatars/Original-Facebook-Geek-Profile-Avatar-5.jpg</var>
<if>
<branch type="IF" condition="'${src}' != '${j}'">
<kw name="Run Keyword And Return Status" library="BuiltIn">
<var>${status}</var>
<arg>List Should Not Contain Value</arg>
<arg>${First_5_Images}</arg>
<arg>${src}</arg>
<doc>Runs the given keyword with given arguments and returns the status as a Boolean value.</doc>
<kw name="List Should Not Contain Value" library="Collections">
<arg>${First_5_Images}</arg>
<arg>${src}</arg>
<doc>Fails if the ``value`` is found from ``list``.</doc>
<status status="PASS" starttime="20230517 12:56:30.680" endtime="20230517 12:56:30.680"/>
</kw>
<msg timestamp="20230517 12:56:30.680" level="INFO">${status} = True</msg>
<status status="PASS" starttime="20230517 12:56:30.679" endtime="20230517 12:56:30.680"/>
</kw>
<if>
<branch type="IF" condition="'${status}' != '${FALSE}'">
<kw name="Append In List" library="DynamicContent">
<arg>${First_5_Images}</arg>
<arg>${src}</arg>
<kw name="Append To List" library="Collections">
<arg>${First_5_Images}</arg>
<arg>${src}</arg>
<doc>Adds ``values`` to the end of ``list``.</doc>
<status status="PASS" starttime="20230517 12:56:30.681" endtime="20230517 12:56:30.681"/>
</kw>
<status status="PASS" starttime="20230517 12:56:30.680" endtime="20230517 12:56:30.681"/>
</kw>
<status status="PASS" starttime="20230517 12:56:30.680" endtime="20230517 12:56:30.681"/>
</branch>
<status status="PASS" starttime="20230517 12:56:30.680" endtime="20230517 12:56:30.681"/>
</if>
<status status="PASS" starttime="20230517 12:56:30.679" endtime="20230517 12:56:30.681"/>
</branch>
<status status="PASS" starttime="20230517 12:56:30.679" endtime="20230517 12:56:30.681"/>
</if>
<kw name="Get Length" library="BuiltIn">
<var>${length}</var>
<arg>${First_5_Images}</arg>
<doc>Returns and logs the length of the given item as an integer.</doc>
<msg timestamp="20230517 12:56:30.681" level="INFO">Length is 2</msg>
<msg timestamp="20230517 12:56:30.681" level="INFO">${length} = 2</msg>
<status status="PASS" starttime="20230517 12:56:30.681" endtime="20230517 12:56:30.681"/>
</kw>
<kw name="Exit For Loop If" library="BuiltIn">
<arg>${length}==5</arg>
<doc>Stops executing the enclosing FOR loop if the ``condition`` is true.</doc>
<status status="PASS" starttime="20230517 12:56:30.681" endtime="20230517 12:56:30.681"/>
</kw>
<status status="PASS" starttime="20230517 12:56:30.679" endtime="20230517 12:56:30.682"/>
</iter>
<status status="PASS" starttime="20230517 12:56:30.679" endtime="20230517 12:56:30.682"/>
</for>
<kw name="Get Length" library="BuiltIn">
<var>${length}</var>
<arg>${First_5_Images}</arg>
<doc>Returns and logs the length of the given item as an integer.</doc>
<msg timestamp="20230517 12:56:30.682" level="INFO">Length is 2</msg>
<msg timestamp="20230517 12:56:30.682" level="INFO">${length} = 2</msg>
<status status="PASS" starttime="20230517 12:56:30.682" endtime="20230517 12:56:30.682"/>
</kw>
<kw name="Exit For Loop If" library="BuiltIn">
<arg>${length}==5</arg>
<doc>Stops executing the enclosing FOR loop if the ``condition`` is true.</doc>
<status status="PASS" starttime="20230517 12:56:30.682" endtime="20230517 12:56:30.682"/>
</kw>
<status status="PASS" starttime="20230517 12:56:30.619" endtime="20230517 12:56:30.682"/>
</iter>
<iter>
<var name="${i}">2</var>
<kw name="Get Element Attribute" library="SeleniumLibrary">
<var>${src}</var>
<arg>${DYNAMIC_CONTENT_IMG${i}}</arg>
<arg>src</arg>
<doc>Returns the value of ``attribute`` from the element ``locator``.</doc>
<msg timestamp="20230517 12:56:30.741" level="INFO">${src} = https://the-internet.herokuapp.com/img/avatars/Original-Facebook-Geek-Profile-Avatar-6.jpg</msg>
<status status="PASS" starttime="20230517 12:56:30.682" endtime="20230517 12:56:30.741"/>
</kw>
<for flavor="IN">
<var>${j}</var>
<value>@{First_5_Images}</value>
<iter>
<var name="${j}">https://the-internet.herokuapp.com/img/avatars/Original-Facebook-Geek-Profile-Avatar-5.jpg</var>
<if>
<branch type="IF" condition="'${src}' != '${j}'">
<kw name="Run Keyword And Return Status" library="BuiltIn">
<var>${status}</var>
<arg>List Should Not Contain Value</arg>
<arg>${First_5_Images}</arg>
<arg>${src}</arg>
<doc>Runs the given keyword with given arguments and returns the status as a Boolean value.</doc>
<kw name="List Should Not Contain Value" library="Collections">
<arg>${First_5_Images}</arg>
<arg>${src}</arg>
<doc>Fails if the ``value`` is found from ``list``.</doc>
<msg timestamp="20230517 12:56:30.742" level="FAIL">[ https://the-internet.herokuapp.com/img/avatars/Original-Facebook-Geek-Profile-Avatar-5.jpg | https://the-internet.herokuapp.com/img/avatars/Original-Facebook-Geek-Profile-Avatar-6.jpg ] contains value 'https://the-internet.herokuapp.com/img/avatars/Original-Facebook-Geek-Profile-Avatar-6.jpg'.</msg>
<status status="FAIL" starttime="20230517 12:56:30.742" endtime="20230517 12:56:30.742"/>
</kw>
<msg timestamp="20230517 12:56:30.742" level="INFO">${status} = False</msg>
<status status="PASS" starttime="20230517 12:56:30.741" endtime="20230517 12:56:30.742"/>
</kw>
<if>
<branch type="IF" condition="'${status}' != '${FALSE}'">
<kw name="Append In List" library="DynamicContent">
<arg>${First_5_Images}</arg>
<arg>${src}</arg>
<status status="NOT RUN" starttime="20230517 12:56:30.742" endtime="20230517 12:56:30.743"/>
</kw>
<status status="NOT RUN" starttime="20230517 12:56:30.742" endtime="20230517 12:56:30.743"/>
</branch>
<status status="PASS" starttime="20230517 12:56:30.742" endtime="20230517 12:56:30.743"/>
</if>
<status status="PASS" starttime="20230517 12:56:30.741" endtime="20230517 12:56:30.743"/>
</branch>
<status status="PASS" starttime="20230517 12:56:30.741" endtime="20230517 12:56:30.743"/>
</if>
<kw name="Get Length" library="BuiltIn">
<var>${length}</var>
<arg>${First_5_Images}</arg>
<doc>Returns and logs the length of the given item as an integer.</doc>
<msg timestamp="20230517 12:56:30.743" level="INFO">Length is 2</msg>
<msg timestamp="20230517 12:56:30.743" level="INFO">${length} = 2</msg>
<status status="PASS" starttime="20230517 12:56:30.743" endtime="20230517 12:56:30.743"/>
</kw>
<kw name="Exit For Loop If" library="BuiltIn">
<arg>${length}==5</arg>
<doc>Stops executing the enclosing FOR loop if the ``condition`` is true.</doc>
<status status="PASS" starttime="20230517 12:56:30.743" endtime="20230517 12:56:30.743"/>
</kw>
<status status="PASS" starttime="20230517 12:56:30.741" endtime="20230517 12:56:30.743"/>
</iter>
<iter>
<var name="${j}">https://the-internet.herokuapp.com/img/avatars/Original-Facebook-Geek-Profile-Avatar-6.jpg</var>
<if>
<branch type="IF" condition="'${src}' != '${j}'">
<kw name="Run Keyword And Return Status" library="BuiltIn">
<var>${status}</var>
<arg>List Should Not Contain Value</arg>
<arg>${First_5_Images}</arg>
<arg>${src}</arg>
<doc>Runs the given keyword with given arguments and returns the status as a Boolean value.</doc>
<status status="NOT RUN" starttime="20230517 12:56:30.744" endtime="20230517 12:56:30.744"/>
</kw>
<if>
<branch type="IF" condition="'${status}' != '${FALSE}'">
<kw name="Append In List" library="DynamicContent">
<arg>${First_5_Images}</arg>
<arg>${src}</arg>
<status status="NOT RUN" starttime="20230517 12:56:30.744" endtime="20230517 12:56:30.744"/>
</kw>
<status status="NOT RUN" starttime="20230517 12:56:30.744" endtime="20230517 12:56:30.744"/>
</branch>
<status status="NOT RUN" starttime="20230517 12:56:30.744" endtime="20230517 12:56:30.744"/>
</if>
<status status="NOT RUN" starttime="20230517 12:56:30.743" endtime="20230517 12:56:30.744"/>
</branch>
<status status="PASS" starttime="20230517 12:56:30.743" endtime="20230517 12:56:30.744"/>
</if>
<kw name="Get Length" library="BuiltIn">
<var>${length}</var>
<arg>${First_5_Images}</arg>
<doc>Returns and logs the length of the given item as an integer.</doc>
<msg timestamp="20230517 12:56:30.744" level="INFO">Length is 2</msg>
<msg timestamp="20230517 12:56:30.744" level="INFO">${length} = 2</msg>
<status status="PASS" starttime="20230517 12:56:30.744" endtime="20230517 12:56:30.744"/>
</kw>
<kw name="Exit For Loop If" library="BuiltIn">
<arg>${length}==5</arg>
<doc>Stops executing the enclosing FOR loop if the ``condition`` is true.</doc>
<status status="PASS" starttime="20230517 12:56:30.744" endtime="20230517 12:56:30.745"/>
</kw>
<status status="PASS" starttime="20230517 12:56:30.743" endtime="20230517 12:56:30.745"/>
</iter>
<status status="PASS" starttime="20230517 12:56:30.741" endtime="20230517 12:56:30.745"/>
</for>
<kw name="Get Length" library="BuiltIn">
<var>${length}</var>
<arg>${First_5_Images}</arg>
<doc>Returns and logs the length of the given item as an integer.</doc>
<msg timestamp="20230517 12:56:30.745" level="INFO">Length is 2</msg>
<msg timestamp="20230517 12:56:30.745" level="INFO">${length} = 2</msg>
<status status="PASS" starttime="20230517 12:56:30.745" endtime="20230517 12:56:30.745"/>
</kw>
<kw name="Exit For Loop If" library="BuiltIn">
<arg>${length}==5</arg>
<doc>Stops executing the enclosing FOR loop if the ``condition`` is true.</doc>
<status status="PASS" starttime="20230517 12:56:30.745" endtime="20230517 12:56:30.745"/>
</kw>
<status status="PASS" starttime="20230517 12:56:30.682" endtime="20230517 12:56:30.745"/>
</iter>
<iter>
<var name="${i}">3</var>
<kw name="Get Element Attribute" library="SeleniumLibrary">
<var>${src}</var>
<arg>${DYNAMIC_CONTENT_IMG${i}}</arg>
<arg>src</arg>
<doc>Returns the value of ``attribute`` from the element ``locator``.</doc>
<msg timestamp="20230517 12:56:30.803" level="INFO">${src} = https://the-internet.herokuapp.com/img/avatars/Original-Facebook-Geek-Profile-Avatar-6.jpg</msg>
<status status="PASS" starttime="20230517 12:56:30.745" endtime="20230517 12:56:30.803"/>
</kw>
<for flavor="IN">
<var>${j}</var>
<value>@{First_5_Images}</value>
<iter>
<var name="${j}">https://the-internet.herokuapp.com/img/avatars/Original-Facebook-Geek-Profile-Avatar-5.jpg</var>
<if>
<branch type="IF" condition="'${src}' != '${j}'">
<kw name="Run Keyword And Return Status" library="BuiltIn">
<var>${status}</var>
<arg>List Should Not Contain Value</arg>
<arg>${First_5_Images}</arg>
<arg>${src}</arg>
<doc>Runs the given keyword with given arguments and returns the status as a Boolean value.</doc>
<kw name="List Should Not Contain Value" library="Collections">
<arg>${First_5_Images}</arg>
<arg>${src}</arg>
<doc>Fails if the ``value`` is found from ``list``.</doc>
<msg timestamp="20230517 12:56:30.804" level="FAIL">[ https://the-internet.herokuapp.com/img/avatars/Original-Facebook-Geek-Profile-Avatar-5.jpg | https://the-internet.herokuapp.com/img/avatars/Original-Facebook-Geek-Profile-Avatar-6.jpg ] contains value 'https://the-internet.herokuapp.com/img/avatars/Original-Facebook-Geek-Profile-Avatar-6.jpg'.</msg>
<status status="FAIL" starttime="20230517 12:56:30.804" endtime="20230517 12:56:30.804"/>
</kw>
<msg timestamp="20230517 12:56:30.804" level="INFO">${status} = False</msg>
<status status="PASS" starttime="20230517 12:56:30.803" endtime="20230517 12:56:30.804"/>
</kw>
<if>
<branch type="IF" condition="'${status}' != '${FALSE}'">
<kw name="Append In List" library="DynamicContent">
<arg>${First_5_Images}</arg>
<arg>${src}</arg>
<status status="NOT RUN" starttime="20230517 12:56:30.804" endtime="20230517 12:56:30.804"/>
</kw>
<status status="NOT RUN" starttime="20230517 12:56:30.804" endtime="20230517 12:56:30.804"/>
</branch>
<status status="PASS" starttime="20230517 12:56:30.804" endtime="20230517 12:56:30.804"/>
</if>
<status status="PASS" starttime="20230517 12:56:30.803" endtime="20230517 12:56:30.804"/>
</branch>
<status status="PASS" starttime="20230517 12:56:30.803" endtime="20230517 12:56:30.804"/>
</if>
<kw name="Get Length" library="BuiltIn">
<var>${length}</var>
<arg>${First_5_Images}</arg>
<doc>Returns and logs the length of the given item as an integer.</doc>
<msg timestamp="20230517 12:56:30.805" level="INFO">Length is 2</msg>
<msg timestamp="20230517 12:56:30.805" level="INFO">${length} = 2</msg>
<status status="PASS" starttime="20230517 12:56:30.805" endtime="20230517 12:56:30.805"/>
</kw>
<kw name="Exit For Loop If" library="BuiltIn">
<arg>${length}==5</arg>
<doc>Stops executing the enclosing FOR loop if the ``condition`` is true.</doc>
<status status="PASS" starttime="20230517 12:56:30.805" endtime="20230517 12:56:30.805"/>
</kw>
<status status="PASS" starttime="20230517 12:56:30.803" endtime="20230517 12:56:30.805"/>
</iter>
<iter>
<var name="${j}">https://the-internet.herokuapp.com/img/avatars/Original-Facebook-Geek-Profile-Avatar-6.jpg</var>
<if>
<branch type="IF" condition="'${src}' != '${j}'">
<kw name="Run Keyword And Return Status" library="BuiltIn">
<var>${status}</var>
<arg>List Should Not Contain Value</arg>
<arg>${First_5_Images}</arg>
<arg>${src}</arg>
<doc>Runs the given keyword with given arguments and returns the status as a Boolean value.</doc>
<status status="NOT RUN" starttime="20230517 12:56:30.805" endtime="20230517 12:56:30.806"/>
</kw>
<if>
<branch type="IF" condition="'${status}' != '${FALSE}'">
<kw name="Append In List" library="DynamicContent">
<arg>${First_5_Images}</arg>
<arg>${src}</arg>
<status status="NOT RUN" starttime="20230517 12:56:30.806" endtime="20230517 12:56:30.806"/>
</kw>
<status status="NOT RUN" starttime="20230517 12:56:30.806" endtime="20230517 12:56:30.806"/>
</branch>
<status status="NOT RUN" starttime="20230517 12:56:30.806" endtime="20230517 12:56:30.806"/>
</if>
<status status="NOT RUN" starttime="20230517 12:56:30.805" endtime="20230517 12:56:30.806"/>
</branch>
<status status="PASS" starttime="20230517 12:56:30.805" endtime="20230517 12:56:30.806"/>
</if>
<kw name="Get Length" library="BuiltIn">
<var>${length}</var>
<arg>${First_5_Images}</arg>
<doc>Returns and logs the length of the given item as an integer.</doc>
<msg timestamp="20230517 12:56:30.806" level="INFO">Length is 2</msg>
<msg timestamp="20230517 12:56:30.806" level="INFO">${length} = 2</msg>
<status status="PASS" starttime="20230517 12:56:30.806" endtime="20230517 12:56:30.806"/>
</kw>
<kw name="Exit For Loop If" library="BuiltIn">
<arg>${length}==5</arg>
<doc>Stops executing the enclosing FOR loop if the ``condition`` is true.</doc>
<status status="PASS" starttime="20230517 12:56:30.806" endtime="20230517 12:56:30.806"/>
</kw>
<status status="PASS" starttime="20230517 12:56:30.805" endtime="20230517 12:56:30.807"/>
</iter>
<status status="PASS" starttime="20230517 12:56:30.803" endtime="20230517 12:56:30.807"/>
</for>
<kw name="Get Length" library="BuiltIn">
<var>${length}</var>
<arg>${First_5_Images}</arg>
<doc>Returns and logs the length of the given item as an integer.</doc>
<msg timestamp="20230517 12:56:30.807" level="INFO">Length is 2</msg>
<msg timestamp="20230517 12:56:30.807" level="INFO">${length} = 2</msg>
<status status="PASS" starttime="20230517 12:56:30.807" endtime="20230517 12:56:30.807"/>
</kw>
<kw name="Exit For Loop If" library="BuiltIn">
<arg>${length}==5</arg>
<doc>Stops executing the enclosing FOR loop if the ``condition`` is true.</doc>
<status status="PASS" starttime="20230517 12:56:30.807" endtime="20230517 12:56:30.807"/>
</kw>
<status status="PASS" starttime="20230517 12:56:30.745" endtime="20230517 12:56:30.807"/>
</iter>
<status status="PASS" starttime="20230517 12:56:30.619" endtime="20230517 12:56:30.807"/>
</for>
<kw name="Get Length" library="BuiltIn">
<var>${length}</var>
<arg>${First_5_Images}</arg>
<doc>Returns and logs the length of the given item as an integer.</doc>
<msg timestamp="20230517 12:56:30.808" level="INFO">Length is 2</msg>
<msg timestamp="20230517 12:56:30.808" level="INFO">${length} = 2</msg>
<status status="PASS" starttime="20230517 12:56:30.807" endtime="20230517 12:56:30.808"/>
</kw>
<kw name="Exit For Loop If" library="BuiltIn">
<arg>${length}==5</arg>
<doc>Stops executing the enclosing FOR loop if the ``condition`` is true.</doc>
<status status="PASS" starttime="20230517 12:56:30.808" endtime="20230517 12:56:30.808"/>
</kw>
<status status="PASS" starttime="20230517 12:56:30.355" endtime="20230517 12:56:30.808"/>
</iter>
<iter>
<if>
<branch type="IF" condition="${length} == 0">
<kw name="Get Element Attribute" library="SeleniumLibrary">
<var>${src}</var>
<arg>${DYNAMIC_CONTENT_IMG1}</arg>
<arg>src</arg>
<doc>Returns the value of ``attribute`` from the element ``locator``.</doc>
<status status="NOT RUN" starttime="20230517 12:56:30.808" endtime="20230517 12:56:30.808"/>
</kw>
<kw name="Append In List" library="DynamicContent">
<arg>${First_5_Images}</arg>
<arg>${src}</arg>
<status status="NOT RUN" starttime="20230517 12:56:30.809" endtime="20230517 12:56:30.809"/>
</kw>
<status status="NOT RUN" starttime="20230517 12:56:30.808" endtime="20230517 12:56:30.809"/>
</branch>
<status status="PASS" starttime="20230517 12:56:30.808" endtime="20230517 12:56:30.809"/>
</if>
<kw name="Refresh Page Until All The Images Appears At Least One Time" library="DynamicContent">
<kw name="Reload Page" library="SeleniumLibrary">
<doc>Simulates user reloading page.</doc>
<status status="PASS" starttime="20230517 12:56:30.809" endtime="20230517 12:56:31.081"/>
</kw>
<status status="PASS" starttime="20230517 12:56:30.809" endtime="20230517 12:56:31.081"/>
</kw>
<for flavor="IN RANGE">
<var>${i}</var>
<value>1</value>
<value>4</value>
<iter>
<var name="${i}">1</var>
<kw name="Get Element Attribute" library="SeleniumLibrary">
<var>${src}</var>
<arg>${DYNAMIC_CONTENT_IMG${i}}</arg>
<arg>src</arg>
<doc>Returns the value of ``attribute`` from the element ``locator``.</doc>
<msg timestamp="20230517 12:56:31.159" level="INFO">${src} = https://the-internet.herokuapp.com/img/avatars/Original-Facebook-Geek-Profile-Avatar-2.jpg</msg>
<status status="PASS" starttime="20230517 12:56:31.083" endtime="20230517 12:56:31.159"/>
</kw>
<for flavor="IN">
<var>${j}</var>
<value>@{First_5_Images}</value>
<iter>
<var name="${j}">https://the-internet.herokuapp.com/img/avatars/Original-Facebook-Geek-Profile-Avatar-5.jpg</var>
<if>
<branch type="IF" condition="'${src}' != '${j}'">
<kw name="Run Keyword And Return Status" library="BuiltIn">
<var>${status}</var>
<arg>List Should Not Contain Value</arg>
<arg>${First_5_Images}</arg>
<arg>${src}</arg>
<doc>Runs the given keyword with given arguments and returns the status as a Boolean value.</doc>
<kw name="List Should Not Contain Value" library="Collections">
<arg>${First_5_Images}</arg>
<arg>${src}</arg>
<doc>Fails if the ``value`` is found from ``list``.</doc>
<status status="PASS" starttime="20230517 12:56:31.160" endtime="20230517 12:56:31.160"/>
</kw>
<msg timestamp="20230517 12:56:31.160" level="INFO">${status} = True</msg>
<status status="PASS" starttime="20230517 12:56:31.159" endtime="20230517 12:56:31.160"/>
</kw>
<if>
<branch type="IF" condition="'${status}' != '${FALSE}'">
<kw name="Append In List" library="DynamicContent">
<arg>${First_5_Images}</arg>
<arg>${src}</arg>
<kw name="Append To List" library="Collections">
<arg>${First_5_Images}</arg>
<arg>${src}</arg>
<doc>Adds ``values`` to the end of ``list``.</doc>
<status status="PASS" starttime="20230517 12:56:31.161" endtime="20230517 12:56:31.161"/>
</kw>
<status status="PASS" starttime="20230517 12:56:31.160" endtime="20230517 12:56:31.161"/>
</kw>
<status status="PASS" starttime="20230517 12:56:31.160" endtime="20230517 12:56:31.161"/>
</branch>
<status status="PASS" starttime="20230517 12:56:31.160" endtime="20230517 12:56:31.161"/>
</if>
<status status="PASS" starttime="20230517 12:56:31.159" endtime="20230517 12:56:31.161"/>
</branch>
<status status="PASS" starttime="20230517 12:56:31.159" endtime="20230517 12:56:31.161"/>
</if>
<kw name="Get Length" library="BuiltIn">
<var>${length}</var>
<arg>${First_5_Images}</arg>
<doc>Returns and logs the length of the given item as an integer.</doc>
<msg timestamp="20230517 12:56:31.161" level="INFO">Length is 3</msg>
<msg timestamp="20230517 12:56:31.161" level="INFO">${length} = 3</msg>
<status status="PASS" starttime="20230517 12:56:31.161" endtime="20230517 12:56:31.161"/>
</kw>
<kw name="Exit For Loop If" library="BuiltIn">
<arg>${length}==5</arg>
<doc>Stops executing the enclosing FOR loop if the ``condition`` is true.</doc>
<status status="PASS" starttime="20230517 12:56:31.161" endtime="20230517 12:56:31.162"/>
</kw>
<status status="PASS" starttime="20230517 12:56:31.159" endtime="20230517 12:56:31.162"/>
</iter>
<iter>
<var name="${j}">https://the-internet.herokuapp.com/img/avatars/Original-Facebook-Geek-Profile-Avatar-6.jpg</var>
<if>
<branch type="IF" condition="'${src}' != '${j}'">
<kw name="Run Keyword And Return Status" library="BuiltIn">
<var>${status}</var>
<arg>List Should Not Contain Value</arg>
<arg>${First_5_Images}</arg>
<arg>${src}</arg>
<doc>Runs the given keyword with given arguments and returns the status as a Boolean value.</doc>
<kw name="List Should Not Contain Value" library="Collections">
<arg>${First_5_Images}</arg>
<arg>${src}</arg>
<doc>Fails if the ``value`` is found from ``list``.</doc>
<msg timestamp="20230517 12:56:31.162" level="FAIL">[ https://the-internet.herokuapp.com/img/avatars/Original-Facebook-Geek-Profile-Avatar-5.jpg | https://the-internet.herokuapp.com/img/avatars/Original-Facebook-Geek-Profile-Avatar-6.jpg | https://the-internet.herokuapp.com/img/avatars/Original-Facebook-Geek-Profile-Avatar-2.jpg ] contains value 'https://the-internet.herokuapp.com/img/avatars/Original-Facebook-Geek-Profile-Avatar-2.jpg'.</msg>
<status status="FAIL" starttime="20230517 12:56:31.162" endtime="20230517 12:56:31.162"/>
</kw>
<msg timestamp="20230517 12:56:31.162" level="INFO">${status} = False</msg>
<status status="PASS" starttime="20230517 12:56:31.162" endtime="20230517 12:56:31.163"/>
</kw>
<if>
<branch type="IF" condition="'${status}' != '${FALSE}'">
<kw name="Append In List" library="DynamicContent">
<arg>${First_5_Images}</arg>
<arg>${src}</arg>
<status status="NOT RUN" starttime="20230517 12:56:31.163" endtime="20230517 12:56:31.163"/>
</kw>
<status status="NOT RUN" starttime="20230517 12:56:31.163" endtime="20230517 12:56:31.163"/>
</branch>
<status status="PASS" starttime="20230517 12:56:31.163" endtime="20230517 12:56:31.163"/>
</if>
<status status="PASS" starttime="20230517 12:56:31.162" endtime="20230517 12:56:31.163"/>
</branch>
<status status="PASS" starttime="20230517 12:56:31.162" endtime="20230517 12:56:31.163"/>
</if>
<kw name="Get Length" library="BuiltIn">
<var>${length}</var>
<arg>${First_5_Images}</arg>
<doc>Returns and logs the length of the given item as an integer.</doc>
<msg timestamp="20230517 12:56:31.163" level="INFO">Length is 3</msg>
<msg timestamp="20230517 12:56:31.163" level="INFO">${length} = 3</msg>
<status status="PASS" starttime="20230517 12:56:31.163" endtime="20230517 12:56:31.163"/>
</kw>
<kw name="Exit For Loop If" library="BuiltIn">
<arg>${length}==5</arg>
<doc>Stops executing the enclosing FOR loop if the ``condition`` is true.</doc>
<status status="PASS" starttime="20230517 12:56:31.163" endtime="20230517 12:56:31.164"/>
</kw>
<status status="PASS" starttime="20230517 12:56:31.162" endtime="20230517 12:56:31.164"/>
</iter>
<status status="PASS" starttime="20230517 12:56:31.159" endtime="20230517 12:56:31.164"/>
</for>
<kw name="Get Length" library="BuiltIn">
<var>${length}</var>
<arg>${First_5_Images}</arg>
<doc>Returns and logs the length of the given item as an integer.</doc>
<msg timestamp="20230517 12:56:31.164" level="INFO">Length is 3</msg>
<msg timestamp="20230517 12:56:31.164" level="INFO">${length} = 3</msg>
<status status="PASS" starttime="20230517 12:56:31.164" endtime="20230517 12:56:31.164"/>
</kw>
<kw name="Exit For Loop If" library="BuiltIn">
<arg>${length}==5</arg>
<doc>Stops executing the enclosing FOR loop if the ``condition`` is true.</doc>
<status status="PASS" starttime="20230517 12:56:31.164" endtime="20230517 12:56:31.164"/>
</kw>
<status status="PASS" starttime="20230517 12:56:31.082" endtime="20230517 12:56:31.164"/>
</iter>
<iter>
<var name="${i}">2</var>
<kw name="Get Element Attribute" library="SeleniumLibrary">
<var>${src}</var>
<arg>${DYNAMIC_CONTENT_IMG${i}}</arg>
<arg>src</arg>
<doc>Returns the value of ``attribute`` from the element ``locator``.</doc>
<msg timestamp="20230517 12:56:31.238" level="INFO">${src} = https://the-internet.herokuapp.com/img/avatars/Original-Facebook-Geek-Profile-Avatar-7.jpg</msg>
<status status="PASS" starttime="20230517 12:56:31.164" endtime="20230517 12:56:31.238"/>
</kw>
<for flavor="IN">
<var>${j}</var>
<value>@{First_5_Images}</value>
<iter>
<var name="${j}">https://the-internet.herokuapp.com/img/avatars/Original-Facebook-Geek-Profile-Avatar-5.jpg</var>
<if>
<branch type="IF" condition="'${src}' != '${j}'">
<kw name="Run Keyword And Return Status" library="BuiltIn">
<var>${status}</var>
<arg>List Should Not Contain Value</arg>
<arg>${First_5_Images}</arg>
<arg>${src}</arg>
<doc>Runs the given keyword with given arguments and returns the status as a Boolean value.</doc>
<kw name="List Should Not Contain Value" library="Collections">
<arg>${First_5_Images}</arg>
<arg>${src}</arg>
<doc>Fails if the ``value`` is found from ``list``.</doc>
<status status="PASS" starttime="20230517 12:56:31.241" endtime="20230517 12:56:31.242"/>
</kw>
<msg timestamp="20230517 12:56:31.242" level="INFO">${status} = True</msg>
<status status="PASS" starttime="20230517 12:56:31.240" endtime="20230517 12:56:31.242"/>
</kw>
<if>
<branch type="IF" condition="'${status}' != '${FALSE}'">
<kw name="Append In List" library="DynamicContent">
<arg>${First_5_Images}</arg>
<arg>${src}</arg>
<kw name="Append To List" library="Collections">
<arg>${First_5_Images}</arg>
<arg>${src}</arg>
<doc>Adds ``values`` to the end of ``list``.</doc>
<status status="PASS" starttime="20230517 12:56:31.243" endtime="20230517 12:56:31.243"/>
</kw>
<status status="PASS" starttime="20230517 12:56:31.243" endtime="20230517 12:56:31.243"/>
</kw>
<status status="PASS" starttime="20230517 12:56:31.243" endtime="20230517 12:56:31.243"/>
</branch>
<status status="PASS" starttime="20230517 12:56:31.242" endtime="20230517 12:56:31.243"/>
</if>
<status status="PASS" starttime="20230517 12:56:31.239" endtime="20230517 12:56:31.243"/>
</branch>
<status status="PASS" starttime="20230517 12:56:31.239" endtime="20230517 12:56:31.243"/>
</if>
<kw name="Get Length" library="BuiltIn">
<var>${length}</var>
<arg>${First_5_Images}</arg>
<doc>Returns and logs the length of the given item as an integer.</doc>
<msg timestamp="20230517 12:56:31.244" level="INFO">Length is 4</msg>
<msg timestamp="20230517 12:56:31.244" level="INFO">${length} = 4</msg>
<status status="PASS" starttime="20230517 12:56:31.244" endtime="20230517 12:56:31.244"/>
</kw>
<kw name="Exit For Loop If" library="BuiltIn">
<arg>${length}==5</arg>
<doc>Stops executing the enclosing FOR loop if the ``condition`` is true.</doc>
<status status="PASS" starttime="20230517 12:56:31.244" endtime="20230517 12:56:31.244"/>
</kw>
<status status="PASS" starttime="20230517 12:56:31.239" endtime="20230517 12:56:31.244"/>
</iter>
<iter>
<var name="${j}">https://the-internet.herokuapp.com/img/avatars/Original-Facebook-Geek-Profile-Avatar-6.jpg</var>
<if>
<branch type="IF" condition="'${src}' != '${j}'">
<kw name="Run Keyword And Return Status" library="BuiltIn">
<var>${status}</var>
<arg>List Should Not Contain Value</arg>
<arg>${First_5_Images}</arg>
<arg>${src}</arg>
<doc>Runs the given keyword with given arguments and returns the status as a Boolean value.</doc>
<kw name="List Should Not Contain Value" library="Collections">
<arg>${First_5_Images}</arg>
<arg>${src}</arg>
<doc>Fails if the ``value`` is found from ``list``.</doc>
<msg timestamp="20230517 12:56:31.245" level="FAIL">[ https://the-internet.herokuapp.com/img/avatars/Original-Facebook-Geek-Profile-Avatar-5.jpg | https://the-internet.herokuapp.com/img/avatars/Original-Facebook-Geek-Profile-Avatar-6.jpg | https://the-internet.herokuapp.com/img/avatars/Original-Facebook-Geek-Profile-Avatar-2.jpg | https://the-internet.herokuapp.com/img/avatars/Original-Facebook-Geek-Profile-Avatar-7.jpg ] contains value 'https://the-internet.herokuapp.com/img/avatars/Original-Facebook-Geek-Profile-Avatar-7.jpg'.</msg>
<status status="FAIL" starttime="20230517 12:56:31.245" endtime="20230517 12:56:31.245"/>
</kw>
<msg timestamp="20230517 12:56:31.245" level="INFO">${status} = False</msg>
<status status="PASS" starttime="20230517 12:56:31.244" endtime="20230517 12:56:31.245"/>
</kw>
<if>
<branch type="IF" condition="'${status}' != '${FALSE}'">
<kw name="Append In List" library="DynamicContent">
<arg>${First_5_Images}</arg>
<arg>${src}</arg>
<status status="NOT RUN" starttime="20230517 12:56:31.245" endtime="20230517 12:56:31.245"/>
</kw>
<status status="NOT RUN" starttime="20230517 12:56:31.245" endtime="20230517 12:56:31.245"/>
</branch>
<status status="PASS" starttime="20230517 12:56:31.245" endtime="20230517 12:56:31.245"/>
</if>
<status status="PASS" starttime="20230517 12:56:31.244" endtime="20230517 12:56:31.245"/>
</branch>
<status status="PASS" starttime="20230517 12:56:31.244" endtime="20230517 12:56:31.245"/>
</if>
<kw name="Get Length" library="BuiltIn">
<var>${length}</var>
<arg>${First_5_Images}</arg>
<doc>Returns and logs the length of the given item as an integer.</doc>
<msg timestamp="20230517 12:56:31.245" level="INFO">Length is 4</msg>
<msg timestamp="20230517 12:56:31.245" level="INFO">${length} = 4</msg>
<status status="PASS" starttime="20230517 12:56:31.245" endtime="20230517 12:56:31.245"/>
</kw>
<kw name="Exit For Loop If" library="BuiltIn">
<arg>${length}==5</arg>
<doc>Stops executing the enclosing FOR loop if the ``condition`` is true.</doc>
<status status="PASS" starttime="20230517 12:56:31.246" endtime="20230517 12:56:31.246"/>
</kw>
<status status="PASS" starttime="20230517 12:56:31.244" endtime="20230517 12:56:31.246"/>
</iter>
<iter>
<var name="${j}">https://the-internet.herokuapp.com/img/avatars/Original-Facebook-Geek-Profile-Avatar-2.jpg</var>
<if>
<branch type="IF" condition="'${src}' != '${j}'">
<kw name="Run Keyword And Return Status" library="BuiltIn">
<var>${status}</var>
<arg>List Should Not Contain Value</arg>
<arg>${First_5_Images}</arg>
<arg>${src}</arg>
<doc>Runs the given keyword with given arguments and returns the status as a Boolean value.</doc>
<kw name="List Should Not Contain Value" library="Collections">
<arg>${First_5_Images}</arg>
<arg>${src}</arg>
<doc>Fails if the ``value`` is found from ``list``.</doc>
<msg timestamp="20230517 12:56:31.246" level="FAIL">[ https://the-internet.herokuapp.com/img/avatars/Original-Facebook-Geek-Profile-Avatar-5.jpg | https://the-internet.herokuapp.com/img/avatars/Original-Facebook-Geek-Profile-Avatar-6.jpg | https://the-internet.herokuapp.com/img/avatars/Original-Facebook-Geek-Profile-Avatar-2.jpg | https://the-internet.herokuapp.com/img/avatars/Original-Facebook-Geek-Profile-Avatar-7.jpg ] contains value 'https://the-internet.herokuapp.com/img/avatars/Original-Facebook-Geek-Profile-Avatar-7.jpg'.</msg>
<status status="FAIL" starttime="20230517 12:56:31.246" endtime="20230517 12:56:31.246"/>
</kw>
<msg timestamp="20230517 12:56:31.247" level="INFO">${status} = False</msg>
<status status="PASS" starttime="20230517 12:56:31.246" endtime="20230517 12:56:31.247"/>
</kw>
<if>
<branch type="IF" condition="'${status}' != '${FALSE}'">
<kw name="Append In List" library="DynamicContent">
<arg>${First_5_Images}</arg>
<arg>${src}</arg>
<status status="NOT RUN" starttime="20230517 12:56:31.247" endtime="20230517 12:56:31.247"/>
</kw>
<status status="NOT RUN" starttime="20230517 12:56:31.247" endtime="20230517 12:56:31.247"/>
</branch>
<status status="PASS" starttime="20230517 12:56:31.247" endtime="20230517 12:56:31.247"/>
</if>
<status status="PASS" starttime="20230517 12:56:31.246" endtime="20230517 12:56:31.247"/>
</branch>
<status status="PASS" starttime="20230517 12:56:31.246" endtime="20230517 12:56:31.247"/>
</if>
<kw name="Get Length" library="BuiltIn">
<var>${length}</var>
<arg>${First_5_Images}</arg>
<doc>Returns and logs the length of the given item as an integer.</doc>
<msg timestamp="20230517 12:56:31.247" level="INFO">Length is 4</msg>
<msg timestamp="20230517 12:56:31.247" level="INFO">${length} = 4</msg>
<status status="PASS" starttime="20230517 12:56:31.247" endtime="20230517 12:56:31.247"/>
</kw>
<kw name="Exit For Loop If" library="BuiltIn">
<arg>${length}==5</arg>
<doc>Stops executing the enclosing FOR loop if the ``condition`` is true.</doc>
<status status="PASS" starttime="20230517 12:56:31.247" endtime="20230517 12:56:31.248"/>
</kw>
<status status="PASS" starttime="20230517 12:56:31.246" endtime="20230517 12:56:31.248"/>
</iter>
<status status="PASS" starttime="20230517 12:56:31.238" endtime="20230517 12:56:31.248"/>
</for>
<kw name="Get Length" library="BuiltIn">
<var>${length}</var>
<arg>${First_5_Images}</arg>
<doc>Returns and logs the length of the given item as an integer.</doc>
<msg timestamp="20230517 12:56:31.248" level="INFO">Length is 4</msg>
<msg timestamp="20230517 12:56:31.248" level="INFO">${length} = 4</msg>
<status status="PASS" starttime="20230517 12:56:31.248" endtime="20230517 12:56:31.248"/>
</kw>
<kw name="Exit For Loop If" library="BuiltIn">
<arg>${length}==5</arg>
<doc>Stops executing the enclosing FOR loop if the ``condition`` is true.</doc>
<status status="PASS" starttime="20230517 12:56:31.248" endtime="20230517 12:56:31.248"/>
</kw>
<status status="PASS" starttime="20230517 12:56:31.164" endtime="20230517 12:56:31.248"/>
</iter>
<iter>
<var name="${i}">3</var>
<kw name="Get Element Attribute" library="SeleniumLibrary">
<var>${src}</var>
<arg>${DYNAMIC_CONTENT_IMG${i}}</arg>
<arg>src</arg>
<doc>Returns the value of ``attribute`` from the element ``locator``.</doc>
<msg timestamp="20230517 12:56:31.314" level="INFO">${src} = https://the-internet.herokuapp.com/img/avatars/Original-Facebook-Geek-Profile-Avatar-5.jpg</msg>
<status status="PASS" starttime="20230517 12:56:31.249" endtime="20230517 12:56:31.314"/>
</kw>
<for flavor="IN">
<var>${j}</var>
<value>@{First_5_Images}</value>
<iter>
<var name="${j}">https://the-internet.herokuapp.com/img/avatars/Original-Facebook-Geek-Profile-Avatar-5.jpg</var>
<if>
<branch type="IF" condition="'${src}' != '${j}'">
<kw name="Run Keyword And Return Status" library="BuiltIn">
<var>${status}</var>
<arg>List Should Not Contain Value</arg>
<arg>${First_5_Images}</arg>
<arg>${src}</arg>
<doc>Runs the given keyword with given arguments and returns the status as a Boolean value.</doc>
<status status="NOT RUN" starttime="20230517 12:56:31.314" endtime="20230517 12:56:31.314"/>
</kw>
<if>
<branch type="IF" condition="'${status}' != '${FALSE}'">
<kw name="Append In List" library="DynamicContent">
<arg>${First_5_Images}</arg>
<arg>${src}</arg>
<status status="NOT RUN" starttime="20230517 12:56:31.315" endtime="20230517 12:56:31.315"/>
</kw>
<status status="NOT RUN" starttime="20230517 12:56:31.314" endtime="20230517 12:56:31.315"/>
</branch>
<status status="NOT RUN" starttime="20230517 12:56:31.314" endtime="20230517 12:56:31.315"/>
</if>
<status status="NOT RUN" starttime="20230517 12:56:31.314" endtime="20230517 12:56:31.315"/>
</branch>
<status status="PASS" starttime="20230517 12:56:31.314" endtime="20230517 12:56:31.315"/>
</if>
<kw name="Get Length" library="BuiltIn">
<var>${length}</var>
<arg>${First_5_Images}</arg>
<doc>Returns and logs the length of the given item as an integer.</doc>
<msg timestamp="20230517 12:56:31.315" level="INFO">Length is 4</msg>
<msg timestamp="20230517 12:56:31.315" level="INFO">${length} = 4</msg>
<status status="PASS" starttime="20230517 12:56:31.315" endtime="20230517 12:56:31.315"/>
</kw>
<kw name="Exit For Loop If" library="BuiltIn">
<arg>${length}==5</arg>
<doc>Stops executing the enclosing FOR loop if the ``condition`` is true.</doc>
<status status="PASS" starttime="20230517 12:56:31.315" endtime="20230517 12:56:31.315"/>
</kw>
<status status="PASS" starttime="20230517 12:56:31.314" endtime="20230517 12:56:31.315"/>
</iter>
<iter>
<var name="${j}">https://the-internet.herokuapp.com/img/avatars/Original-Facebook-Geek-Profile-Avatar-6.jpg</var>
<if>
<branch type="IF" condition="'${src}' != '${j}'">
<kw name="Run Keyword And Return Status" library="BuiltIn">
<var>${status}</var>
<arg>List Should Not Contain Value</arg>
<arg>${First_5_Images}</arg>
<arg>${src}</arg>
<doc>Runs the given keyword with given arguments and returns the status as a Boolean value.</doc>
<kw name="List Should Not Contain Value" library="Collections">
<arg>${First_5_Images}</arg>
<arg>${src}</arg>
<doc>Fails if the ``value`` is found from ``list``.</doc>
<msg timestamp="20230517 12:56:31.316" level="FAIL">[ https://the-internet.herokuapp.com/img/avatars/Original-Facebook-Geek-Profile-Avatar-5.jpg | https://the-internet.herokuapp.com/img/avatars/Original-Facebook-Geek-Profile-Avatar-6.jpg | https://the-internet.herokuapp.com/img/avatars/Original-Facebook-Geek-Profile-Avatar-2.jpg | https://the-internet.herokuapp.com/img/avatars/Original-Facebook-Geek-Profile-Avatar-7.jpg ] contains value 'https://the-internet.herokuapp.com/img/avatars/Original-Facebook-Geek-Profile-Avatar-5.jpg'.</msg>
<status status="FAIL" starttime="20230517 12:56:31.316" endtime="20230517 12:56:31.316"/>
</kw>
<msg timestamp="20230517 12:56:31.316" level="INFO">${status} = False</msg>
<status status="PASS" starttime="20230517 12:56:31.316" endtime="20230517 12:56:31.316"/>
</kw>
<if>
<branch type="IF" condition="'${status}' != '${FALSE}'">
<kw name="Append In List" library="DynamicContent">
<arg>${First_5_Images}</arg>
<arg>${src}</arg>
<status status="NOT RUN" starttime="20230517 12:56:31.316" endtime="20230517 12:56:31.316"/>
</kw>
<status status="NOT RUN" starttime="20230517 12:56:31.316" endtime="20230517 12:56:31.316"/>
</branch>
<status status="PASS" starttime="20230517 12:56:31.316" endtime="20230517 12:56:31.316"/>
</if>
<status status="PASS" starttime="20230517 12:56:31.315" endtime="20230517 12:56:31.316"/>
</branch>
<status status="PASS" starttime="20230517 12:56:31.315" endtime="20230517 12:56:31.316"/>
</if>
<kw name="Get Length" library="BuiltIn">
<var>${length}</var>
<arg>${First_5_Images}</arg>
<doc>Returns and logs the length of the given item as an integer.</doc>
<msg timestamp="20230517 12:56:31.317" level="INFO">Length is 4</msg>
<msg timestamp="20230517 12:56:31.317" level="INFO">${length} = 4</msg>
<status status="PASS" starttime="20230517 12:56:31.317" endtime="20230517 12:56:31.317"/>
</kw>
<kw name="Exit For Loop If" library="BuiltIn">
<arg>${length}==5</arg>
<doc>Stops executing the enclosing FOR loop if the ``condition`` is true.</doc>
<status status="PASS" starttime="20230517 12:56:31.317" endtime="20230517 12:56:31.317"/>
</kw>
<status status="PASS" starttime="20230517 12:56:31.315" endtime="20230517 12:56:31.317"/>
</iter>
<iter>
<var name="${j}">https://the-internet.herokuapp.com/img/avatars/Original-Facebook-Geek-Profile-Avatar-2.jpg</var>
<if>
<branch type="IF" condition="'${src}' != '${j}'">
<kw name="Run Keyword And Return Status" library="BuiltIn">
<var>${status}</var>
<arg>List Should Not Contain Value</arg>
<arg>${First_5_Images}</arg>
<arg>${src}</arg>
<doc>Runs the given keyword with given arguments and returns the status as a Boolean value.</doc>
<kw name="List Should Not Contain Value" library="Collections">
<arg>${First_5_Images}</arg>
<arg>${src}</arg>
<doc>Fails if the ``value`` is found from ``list``.</doc>
<msg timestamp="20230517 12:56:31.318" level="FAIL">[ https://the-internet.herokuapp.com/img/avatars/Original-Facebook-Geek-Profile-Avatar-5.jpg | https://the-internet.herokuapp.com/img/avatars/Original-Facebook-Geek-Profile-Avatar-6.jpg | https://the-internet.herokuapp.com/img/avatars/Original-Facebook-Geek-Profile-Avatar-2.jpg | https://the-internet.herokuapp.com/img/avatars/Original-Facebook-Geek-Profile-Avatar-7.jpg ] contains value 'https://the-internet.herokuapp.com/img/avatars/Original-Facebook-Geek-Profile-Avatar-5.jpg'.</msg>
<status status="FAIL" starttime="20230517 12:56:31.318" endtime="20230517 12:56:31.318"/>
</kw>
<msg timestamp="20230517 12:56:31.318" level="INFO">${status} = False</msg>
<status status="PASS" starttime="20230517 12:56:31.317" endtime="20230517 12:56:31.318"/>
</kw>
<if>
<branch type="IF" condition="'${status}' != '${FALSE}'">
<kw name="Append In List" library="DynamicContent">
<arg>${First_5_Images}</arg>
<arg>${src}</arg>
<status status="NOT RUN" starttime="20230517 12:56:31.318" endtime="20230517 12:56:31.318"/>
</kw>
<status status="NOT RUN" starttime="20230517 12:56:31.318" endtime="20230517 12:56:31.318"/>
</branch>
<status status="PASS" starttime="20230517 12:56:31.318" endtime="20230517 12:56:31.318"/>
</if>
<status status="PASS" starttime="20230517 12:56:31.317" endtime="20230517 12:56:31.318"/>
</branch>
<status status="PASS" starttime="20230517 12:56:31.317" endtime="20230517 12:56:31.318"/>
</if>
<kw name="Get Length" library="BuiltIn">
<var>${length}</var>
<arg>${First_5_Images}</arg>
<doc>Returns and logs the length of the given item as an integer.</doc>
<msg timestamp="20230517 12:56:31.319" level="INFO">Length is 4</msg>
<msg timestamp="20230517 12:56:31.319" level="INFO">${length} = 4</msg>
<status status="PASS" starttime="20230517 12:56:31.318" endtime="20230517 12:56:31.319"/>
</kw>
<kw name="Exit For Loop If" library="BuiltIn">
<arg>${length}==5</arg>
<doc>Stops executing the enclosing FOR loop if the ``condition`` is true.</doc>
<status status="PASS" starttime="20230517 12:56:31.319" endtime="20230517 12:56:31.319"/>
</kw>
<status status="PASS" starttime="20230517 12:56:31.317" endtime="20230517 12:56:31.319"/>
</iter>
<iter>
<var name="${j}">https://the-internet.herokuapp.com/img/avatars/Original-Facebook-Geek-Profile-Avatar-7.jpg</var>
<if>
<branch type="IF" condition="'${src}' != '${j}'">
<kw name="Run Keyword And Return Status" library="BuiltIn">
<var>${status}</var>
<arg>List Should Not Contain Value</arg>
<arg>${First_5_Images}</arg>
<arg>${src}</arg>
<doc>Runs the given keyword with given arguments and returns the status as a Boolean value.</doc>
<kw name="List Should Not Contain Value" library="Collections">
<arg>${First_5_Images}</arg>
<arg>${src}</arg>
<doc>Fails if the ``value`` is found from ``list``.</doc>
<msg timestamp="20230517 12:56:31.320" level="FAIL">[ https://the-internet.herokuapp.com/img/avatars/Original-Facebook-Geek-Profile-Avatar-5.jpg | https://the-internet.herokuapp.com/img/avatars/Original-Facebook-Geek-Profile-Avatar-6.jpg | https://the-internet.herokuapp.com/img/avatars/Original-Facebook-Geek-Profile-Avatar-2.jpg | https://the-internet.herokuapp.com/img/avatars/Original-Facebook-Geek-Profile-Avatar-7.jpg ] contains value 'https://the-internet.herokuapp.com/img/avatars/Original-Facebook-Geek-Profile-Avatar-5.jpg'.</msg>
<status status="FAIL" starttime="20230517 12:56:31.319" endtime="20230517 12:56:31.320"/>
</kw>
<msg timestamp="20230517 12:56:31.320" level="INFO">${status} = False</msg>
<status status="PASS" starttime="20230517 12:56:31.319" endtime="20230517 12:56:31.320"/>
</kw>
<if>
<branch type="IF" condition="'${status}' != '${FALSE}'">
<kw name="Append In List" library="DynamicContent">
<arg>${First_5_Images}</arg>
<arg>${src}</arg>
<status status="NOT RUN" starttime="20230517 12:56:31.320" endtime="20230517 12:56:31.320"/>
</kw>
<status status="NOT RUN" starttime="20230517 12:56:31.320" endtime="20230517 12:56:31.320"/>
</branch>
<status status="PASS" starttime="20230517 12:56:31.320" endtime="20230517 12:56:31.320"/>
</if>
<status status="PASS" starttime="20230517 12:56:31.319" endtime="20230517 12:56:31.320"/>
</branch>
<status status="PASS" starttime="20230517 12:56:31.319" endtime="20230517 12:56:31.320"/>
</if>
<kw name="Get Length" library="BuiltIn">
<var>${length}</var>
<arg>${First_5_Images}</arg>
<doc>Returns and logs the length of the given item as an integer.</doc>
<msg timestamp="20230517 12:56:31.320" level="INFO">Length is 4</msg>
<msg timestamp="20230517 12:56:31.320" level="INFO">${length} = 4</msg>
<status status="PASS" starttime="20230517 12:56:31.320" endtime="20230517 12:56:31.320"/>
</kw>
<kw name="Exit For Loop If" library="BuiltIn">
<arg>${length}==5</arg>
<doc>Stops executing the enclosing FOR loop if the ``condition`` is true.</doc>
<status status="PASS" starttime="20230517 12:56:31.320" endtime="20230517 12:56:31.321"/>
</kw>
<status status="PASS" starttime="20230517 12:56:31.319" endtime="20230517 12:56:31.321"/>
</iter>
<status status="PASS" starttime="20230517 12:56:31.314" endtime="20230517 12:56:31.321"/>
</for>
<kw name="Get Length" library="BuiltIn">
<var>${length}</var>
<arg>${First_5_Images}</arg>
<doc>Returns and logs the length of the given item as an integer.</doc>
<msg timestamp="20230517 12:56:31.321" level="INFO">Length is 4</msg>
<msg timestamp="20230517 12:56:31.321" level="INFO">${length} = 4</msg>
<status status="PASS" starttime="20230517 12:56:31.321" endtime="20230517 12:56:31.321"/>
</kw>
<kw name="Exit For Loop If" library="BuiltIn">
<arg>${length}==5</arg>
<doc>Stops executing the enclosing FOR loop if the ``condition`` is true.</doc>
<status status="PASS" starttime="20230517 12:56:31.321" endtime="20230517 12:56:31.321"/>
</kw>
<status status="PASS" starttime="20230517 12:56:31.248" endtime="20230517 12:56:31.321"/>
</iter>
<status status="PASS" starttime="20230517 12:56:31.082" endtime="20230517 12:56:31.321"/>
</for>
<kw name="Get Length" library="BuiltIn">
<var>${length}</var>
<arg>${First_5_Images}</arg>
<doc>Returns and logs the length of the given item as an integer.</doc>
<msg timestamp="20230517 12:56:31.321" level="INFO">Length is 4</msg>
<msg timestamp="20230517 12:56:31.322" level="INFO">${length} = 4</msg>
<status status="PASS" starttime="20230517 12:56:31.321" endtime="20230517 12:56:31.322"/>
</kw>
<kw name="Exit For Loop If" library="BuiltIn">
<arg>${length}==5</arg>
<doc>Stops executing the enclosing FOR loop if the ``condition`` is true.</doc>
<status status="PASS" starttime="20230517 12:56:31.322" endtime="20230517 12:56:31.322"/>
</kw>
<status status="PASS" starttime="20230517 12:56:30.808" endtime="20230517 12:56:31.322"/>
</iter>
<iter>
<if>
<branch type="IF" condition="${length} == 0">
<kw name="Get Element Attribute" library="SeleniumLibrary">
<var>${src}</var>
<arg>${DYNAMIC_CONTENT_IMG1}</arg>
<arg>src</arg>
<doc>Returns the value of ``attribute`` from the element ``locator``.</doc>
<status status="NOT RUN" starttime="20230517 12:56:31.322" endtime="20230517 12:56:31.322"/>
</kw>
<kw name="Append In List" library="DynamicContent">
<arg>${First_5_Images}</arg>
<arg>${src}</arg>
<status status="NOT RUN" starttime="20230517 12:56:31.322" endtime="20230517 12:56:31.322"/>
</kw>
<status status="NOT RUN" starttime="20230517 12:56:31.322" endtime="20230517 12:56:31.322"/>
</branch>
<status status="PASS" starttime="20230517 12:56:31.322" endtime="20230517 12:56:31.322"/>
</if>
<kw name="Refresh Page Until All The Images Appears At Least One Time" library="DynamicContent">
<kw name="Reload Page" library="SeleniumLibrary">
<doc>Simulates user reloading page.</doc>
<status status="PASS" starttime="20230517 12:56:31.323" endtime="20230517 12:56:31.469"/>
</kw>
<status status="PASS" starttime="20230517 12:56:31.322" endtime="20230517 12:56:31.469"/>
</kw>
<for flavor="IN RANGE">
<var>${i}</var>
<value>1</value>
<value>4</value>
<iter>
<var name="${i}">1</var>
<kw name="Get Element Attribute" library="SeleniumLibrary">
<var>${src}</var>
<arg>${DYNAMIC_CONTENT_IMG${i}}</arg>
<arg>src</arg>
<doc>Returns the value of ``attribute`` from the element ``locator``.</doc>
<msg timestamp="20230517 12:56:31.531" level="INFO">${src} = https://the-internet.herokuapp.com/img/avatars/Original-Facebook-Geek-Profile-Avatar-7.jpg</msg>
<status status="PASS" starttime="20230517 12:56:31.469" endtime="20230517 12:56:31.531"/>
</kw>
<for flavor="IN">
<var>${j}</var>
<value>@{First_5_Images}</value>
<iter>
<var name="${j}">https://the-internet.herokuapp.com/img/avatars/Original-Facebook-Geek-Profile-Avatar-5.jpg</var>
<if>
<branch type="IF" condition="'${src}' != '${j}'">
<kw name="Run Keyword And Return Status" library="BuiltIn">
<var>${status}</var>
<arg>List Should Not Contain Value</arg>
<arg>${First_5_Images}</arg>
<arg>${src}</arg>
<doc>Runs the given keyword with given arguments and returns the status as a Boolean value.</doc>
<kw name="List Should Not Contain Value" library="Collections">
<arg>${First_5_Images}</arg>
<arg>${src}</arg>
<doc>Fails if the ``value`` is found from ``list``.</doc>
<msg timestamp="20230517 12:56:31.531" level="FAIL">[ https://the-internet.herokuapp.com/img/avatars/Original-Facebook-Geek-Profile-Avatar-5.jpg | https://the-internet.herokuapp.com/img/avatars/Original-Facebook-Geek-Profile-Avatar-6.jpg | https://the-internet.herokuapp.com/img/avatars/Original-Facebook-Geek-Profile-Avatar-2.jpg | https://the-internet.herokuapp.com/img/avatars/Original-Facebook-Geek-Profile-Avatar-7.jpg ] contains value 'https://the-internet.herokuapp.com/img/avatars/Original-Facebook-Geek-Profile-Avatar-7.jpg'.</msg>
<status status="FAIL" starttime="20230517 12:56:31.531" endtime="20230517 12:56:31.531"/>
</kw>
<msg timestamp="20230517 12:56:31.531" level="INFO">${status} = False</msg>
<status status="PASS" starttime="20230517 12:56:31.531" endtime="20230517 12:56:31.531"/>
</kw>
<if>
<branch type="IF" condition="'${status}' != '${FALSE}'">
<kw name="Append In List" library="DynamicContent">
<arg>${First_5_Images}</arg>
<arg>${src}</arg>
<status status="NOT RUN" starttime="20230517 12:56:31.532" endtime="20230517 12:56:31.532"/>
</kw>
<status status="NOT RUN" starttime="20230517 12:56:31.531" endtime="20230517 12:56:31.532"/>
</branch>
<status status="PASS" starttime="20230517 12:56:31.531" endtime="20230517 12:56:31.532"/>
</if>
<status status="PASS" starttime="20230517 12:56:31.531" endtime="20230517 12:56:31.532"/>
</branch>
<status status="PASS" starttime="20230517 12:56:31.531" endtime="20230517 12:56:31.532"/>
</if>
<kw name="Get Length" library="BuiltIn">
<var>${length}</var>
<arg>${First_5_Images}</arg>
<doc>Returns and logs the length of the given item as an integer.</doc>
<msg timestamp="20230517 12:56:31.532" level="INFO">Length is 4</msg>
<msg timestamp="20230517 12:56:31.532" level="INFO">${length} = 4</msg>
<status status="PASS" starttime="20230517 12:56:31.532" endtime="20230517 12:56:31.532"/>
</kw>
<kw name="Exit For Loop If" library="BuiltIn">
<arg>${length}==5</arg>
<doc>Stops executing the enclosing FOR loop if the ``condition`` is true.</doc>
<status status="PASS" starttime="20230517 12:56:31.532" endtime="20230517 12:56:31.532"/>
</kw>
<status status="PASS" starttime="20230517 12:56:31.531" endtime="20230517 12:56:31.532"/>
</iter>
<iter>
<var name="${j}">https://the-internet.herokuapp.com/img/avatars/Original-Facebook-Geek-Profile-Avatar-6.jpg</var>
<if>
<branch type="IF" condition="'${src}' != '${j}'">
<kw name="Run Keyword And Return Status" library="BuiltIn">
<var>${status}</var>
<arg>List Should Not Contain Value</arg>
<arg>${First_5_Images}</arg>
<arg>${src}</arg>
<doc>Runs the given keyword with given arguments and returns the status as a Boolean value.</doc>
<kw name="List Should Not Contain Value" library="Collections">
<arg>${First_5_Images}</arg>
<arg>${src}</arg>
<doc>Fails if the ``value`` is found from ``list``.</doc>
<msg timestamp="20230517 12:56:31.533" level="FAIL">[ https://the-internet.herokuapp.com/img/avatars/Original-Facebook-Geek-Profile-Avatar-5.jpg | https://the-internet.herokuapp.com/img/avatars/Original-Facebook-Geek-Profile-Avatar-6.jpg | https://the-internet.herokuapp.com/img/avatars/Original-Facebook-Geek-Profile-Avatar-2.jpg | https://the-internet.herokuapp.com/img/avatars/Original-Facebook-Geek-Profile-Avatar-7.jpg ] contains value 'https://the-internet.herokuapp.com/img/avatars/Original-Facebook-Geek-Profile-Avatar-7.jpg'.</msg>
<status status="FAIL" starttime="20230517 12:56:31.533" endtime="20230517 12:56:31.533"/>
</kw>
<msg timestamp="20230517 12:56:31.533" level="INFO">${status} = False</msg>
<status status="PASS" starttime="20230517 12:56:31.533" endtime="20230517 12:56:31.533"/>
</kw>
<if>
<branch type="IF" condition="'${status}' != '${FALSE}'">
<kw name="Append In List" library="DynamicContent">
<arg>${First_5_Images}</arg>
<arg>${src}</arg>
<status status="NOT RUN" starttime="20230517 12:56:31.534" endtime="20230517 12:56:31.534"/>
</kw>
<status status="NOT RUN" starttime="20230517 12:56:31.533" endtime="20230517 12:56:31.534"/>
</branch>
<status status="PASS" starttime="20230517 12:56:31.533" endtime="20230517 12:56:31.534"/>
</if>
<status status="PASS" starttime="20230517 12:56:31.533" endtime="20230517 12:56:31.534"/>
</branch>
<status status="PASS" starttime="20230517 12:56:31.533" endtime="20230517 12:56:31.534"/>
</if>
<kw name="Get Length" library="BuiltIn">
<var>${length}</var>
<arg>${First_5_Images}</arg>
<doc>Returns and logs the length of the given item as an integer.</doc>
<msg timestamp="20230517 12:56:31.534" level="INFO">Length is 4</msg>
<msg timestamp="20230517 12:56:31.534" level="INFO">${length} = 4</msg>
<status status="PASS" starttime="20230517 12:56:31.534" endtime="20230517 12:56:31.534"/>
</kw>
<kw name="Exit For Loop If" library="BuiltIn">
<arg>${length}==5</arg>
<doc>Stops executing the enclosing FOR loop if the ``condition`` is true.</doc>
<status status="PASS" starttime="20230517 12:56:31.534" endtime="20230517 12:56:31.534"/>
</kw>
<status status="PASS" starttime="20230517 12:56:31.532" endtime="20230517 12:56:31.534"/>
</iter>
<iter>
<var name="${j}">https://the-internet.herokuapp.com/img/avatars/Original-Facebook-Geek-Profile-Avatar-2.jpg</var>
<if>
<branch type="IF" condition="'${src}' != '${j}'">
<kw name="Run Keyword And Return Status" library="BuiltIn">
<var>${status}</var>
<arg>List Should Not Contain Value</arg>
<arg>${First_5_Images}</arg>
<arg>${src}</arg>
<doc>Runs the given keyword with given arguments and returns the status as a Boolean value.</doc>
<kw name="List Should Not Contain Value" library="Collections">
<arg>${First_5_Images}</arg>
<arg>${src}</arg>
<doc>Fails if the ``value`` is found from ``list``.</doc>
<msg timestamp="20230517 12:56:31.535" level="FAIL">[ https://the-internet.herokuapp.com/img/avatars/Original-Facebook-Geek-Profile-Avatar-5.jpg | https://the-internet.herokuapp.com/img/avatars/Original-Facebook-Geek-Profile-Avatar-6.jpg | https://the-internet.herokuapp.com/img/avatars/Original-Facebook-Geek-Profile-Avatar-2.jpg | https://the-internet.herokuapp.com/img/avatars/Original-Facebook-Geek-Profile-Avatar-7.jpg ] contains value 'https://the-internet.herokuapp.com/img/avatars/Original-Facebook-Geek-Profile-Avatar-7.jpg'.</msg>
<status status="FAIL" starttime="20230517 12:56:31.535" endtime="20230517 12:56:31.535"/>
</kw>
<msg timestamp="20230517 12:56:31.535" level="INFO">${status} = False</msg>
<status status="PASS" starttime="20230517 12:56:31.535" endtime="20230517 12:56:31.535"/>
</kw>
<if>
<branch type="IF" condition="'${status}' != '${FALSE}'">
<kw name="Append In List" library="DynamicContent">
<arg>${First_5_Images}</arg>
<arg>${src}</arg>
<status status="NOT RUN" starttime="20230517 12:56:31.536" endtime="20230517 12:56:31.536"/>
</kw>
<status status="NOT RUN" starttime="20230517 12:56:31.535" endtime="20230517 12:56:31.536"/>
</branch>
<status status="PASS" starttime="20230517 12:56:31.535" endtime="20230517 12:56:31.536"/>
</if>
<status status="PASS" starttime="20230517 12:56:31.535" endtime="20230517 12:56:31.536"/>
</branch>
<status status="PASS" starttime="20230517 12:56:31.534" endtime="20230517 12:56:31.536"/>
</if>
<kw name="Get Length" library="BuiltIn">
<var>${length}</var>
<arg>${First_5_Images}</arg>
<doc>Returns and logs the length of the given item as an integer.</doc>
<msg timestamp="20230517 12:56:31.536" level="INFO">Length is 4</msg>
<msg timestamp="20230517 12:56:31.536" level="INFO">${length} = 4</msg>
<status status="PASS" starttime="20230517 12:56:31.536" endtime="20230517 12:56:31.536"/>
</kw>
<kw name="Exit For Loop If" library="BuiltIn">
<arg>${length}==5</arg>
<doc>Stops executing the enclosing FOR loop if the ``condition`` is true.</doc>
<status status="PASS" starttime="20230517 12:56:31.536" endtime="20230517 12:56:31.536"/>
</kw>
<status status="PASS" starttime="20230517 12:56:31.534" endtime="20230517 12:56:31.536"/>
</iter>
<iter>
<var name="${j}">https://the-internet.herokuapp.com/img/avatars/Original-Facebook-Geek-Profile-Avatar-7.jpg</var>
<if>
<branch type="IF" condition="'${src}' != '${j}'">
<kw name="Run Keyword And Return Status" library="BuiltIn">
<var>${status}</var>
<arg>List Should Not Contain Value</arg>
<arg>${First_5_Images}</arg>
<arg>${src}</arg>
<doc>Runs the given keyword with given arguments and returns the status as a Boolean value.</doc>
<status status="NOT RUN" starttime="20230517 12:56:31.537" endtime="20230517 12:56:31.537"/>
</kw>
<if>
<branch type="IF" condition="'${status}' != '${FALSE}'">
<kw name="Append In List" library="DynamicContent">
<arg>${First_5_Images}</arg>
<arg>${src}</arg>
<status status="NOT RUN" starttime="20230517 12:56:31.537" endtime="20230517 12:56:31.537"/>
</kw>
<status status="NOT RUN" starttime="20230517 12:56:31.537" endtime="20230517 12:56:31.537"/>
</branch>
<status status="NOT RUN" starttime="20230517 12:56:31.537" endtime="20230517 12:56:31.537"/>
</if>
<status status="NOT RUN" starttime="20230517 12:56:31.537" endtime="20230517 12:56:31.537"/>
</branch>
<status status="PASS" starttime="20230517 12:56:31.537" endtime="20230517 12:56:31.537"/>
</if>
<kw name="Get Length" library="BuiltIn">
<var>${length}</var>
<arg>${First_5_Images}</arg>
<doc>Returns and logs the length of the given item as an integer.</doc>
<msg timestamp="20230517 12:56:31.537" level="INFO">Length is 4</msg>
<msg timestamp="20230517 12:56:31.537" level="INFO">${length} = 4</msg>
<status status="PASS" starttime="20230517 12:56:31.537" endtime="20230517 12:56:31.537"/>
</kw>
<kw name="Exit For Loop If" library="BuiltIn">
<arg>${length}==5</arg>
<doc>Stops executing the enclosing FOR loop if the ``condition`` is true.</doc>
<status status="PASS" starttime="20230517 12:56:31.538" endtime="20230517 12:56:31.538"/>
</kw>
<status status="PASS" starttime="20230517 12:56:31.537" endtime="20230517 12:56:31.538"/>
</iter>
<status status="PASS" starttime="20230517 12:56:31.531" endtime="20230517 12:56:31.538"/>
</for>
<kw name="Get Length" library="BuiltIn">
<var>${length}</var>
<arg>${First_5_Images}</arg>
<doc>Returns and logs the length of the given item as an integer.</doc>
<msg timestamp="20230517 12:56:31.538" level="INFO">Length is 4</msg>
<msg timestamp="20230517 12:56:31.538" level="INFO">${length} = 4</msg>
<status status="PASS" starttime="20230517 12:56:31.538" endtime="20230517 12:56:31.538"/>
</kw>
<kw name="Exit For Loop If" library="BuiltIn">
<arg>${length}==5</arg>
<doc>Stops executing the enclosing FOR loop if the ``condition`` is true.</doc>
<status status="PASS" starttime="20230517 12:56:31.538" endtime="20230517 12:56:31.539"/>
</kw>
<status status="PASS" starttime="20230517 12:56:31.469" endtime="20230517 12:56:31.539"/>
</iter>
<iter>
<var name="${i}">2</var>
<kw name="Get Element Attribute" library="SeleniumLibrary">
<var>${src}</var>
<arg>${DYNAMIC_CONTENT_IMG${i}}</arg>
<arg>src</arg>
<doc>Returns the value of ``attribute`` from the element ``locator``.</doc>
<msg timestamp="20230517 12:56:31.608" level="INFO">${src} = https://the-internet.herokuapp.com/img/avatars/Original-Facebook-Geek-Profile-Avatar-2.jpg</msg>
<status status="PASS" starttime="20230517 12:56:31.539" endtime="20230517 12:56:31.608"/>
</kw>
<for flavor="IN">
<var>${j}</var>
<value>@{First_5_Images}</value>
<iter>
<var name="${j}">https://the-internet.herokuapp.com/img/avatars/Original-Facebook-Geek-Profile-Avatar-5.jpg</var>
<if>
<branch type="IF" condition="'${src}' != '${j}'">
<kw name="Run Keyword And Return Status" library="BuiltIn">
<var>${status}</var>
<arg>List Should Not Contain Value</arg>
<arg>${First_5_Images}</arg>
<arg>${src}</arg>
<doc>Runs the given keyword with given arguments and returns the status as a Boolean value.</doc>
<kw name="List Should Not Contain Value" library="Collections">
<arg>${First_5_Images}</arg>
<arg>${src}</arg>
<doc>Fails if the ``value`` is found from ``list``.</doc>
<msg timestamp="20230517 12:56:31.611" level="FAIL">[ https://the-internet.herokuapp.com/img/avatars/Original-Facebook-Geek-Profile-Avatar-5.jpg | https://the-internet.herokuapp.com/img/avatars/Original-Facebook-Geek-Profile-Avatar-6.jpg | https://the-internet.herokuapp.com/img/avatars/Original-Facebook-Geek-Profile-Avatar-2.jpg | https://the-internet.herokuapp.com/img/avatars/Original-Facebook-Geek-Profile-Avatar-7.jpg ] contains value 'https://the-internet.herokuapp.com/img/avatars/Original-Facebook-Geek-Profile-Avatar-2.jpg'.</msg>
<status status="FAIL" starttime="20230517 12:56:31.610" endtime="20230517 12:56:31.612"/>
</kw>
<msg timestamp="20230517 12:56:31.612" level="INFO">${status} = False</msg>
<status status="PASS" starttime="20230517 12:56:31.610" endtime="20230517 12:56:31.612"/>
</kw>
<if>
<branch type="IF" condition="'${status}' != '${FALSE}'">
<kw name="Append In List" library="DynamicContent">
<arg>${First_5_Images}</arg>
<arg>${src}</arg>
<status status="NOT RUN" starttime="20230517 12:56:31.613" endtime="20230517 12:56:31.613"/>
</kw>
<status status="NOT RUN" starttime="20230517 12:56:31.612" endtime="20230517 12:56:31.613"/>
</branch>
<status status="PASS" starttime="20230517 12:56:31.612" endtime="20230517 12:56:31.613"/>
</if>
<status status="PASS" starttime="20230517 12:56:31.609" endtime="20230517 12:56:31.613"/>
</branch>
<status status="PASS" starttime="20230517 12:56:31.609" endtime="20230517 12:56:31.613"/>
</if>
<kw name="Get Length" library="BuiltIn">
<var>${length}</var>
<arg>${First_5_Images}</arg>
<doc>Returns and logs the length of the given item as an integer.</doc>
<msg timestamp="20230517 12:56:31.614" level="INFO">Length is 4</msg>
<msg timestamp="20230517 12:56:31.614" level="INFO">${length} = 4</msg>
<status status="PASS" starttime="20230517 12:56:31.613" endtime="20230517 12:56:31.614"/>
</kw>
<kw name="Exit For Loop If" library="BuiltIn">
<arg>${length}==5</arg>
<doc>Stops executing the enclosing FOR loop if the ``condition`` is true.</doc>
<status status="PASS" starttime="20230517 12:56:31.614" endtime="20230517 12:56:31.615"/>
</kw>
<status status="PASS" starttime="20230517 12:56:31.609" endtime="20230517 12:56:31.615"/>
</iter>
<iter>
<var name="${j}">https://the-internet.herokuapp.com/img/avatars/Original-Facebook-Geek-Profile-Avatar-6.jpg</var>
<if>
<branch type="IF" condition="'${src}' != '${j}'">
<kw name="Run Keyword And Return Status" library="BuiltIn">
<var>${status}</var>
<arg>List Should Not Contain Value</arg>
<arg>${First_5_Images}</arg>
<arg>${src}</arg>
<doc>Runs the given keyword with given arguments and returns the status as a Boolean value.</doc>
<kw name="List Should Not Contain Value" library="Collections">
<arg>${First_5_Images}</arg>
<arg>${src}</arg>
<doc>Fails if the ``value`` is found from ``list``.</doc>
<msg timestamp="20230517 12:56:31.617" level="FAIL">[ https://the-internet.herokuapp.com/img/avatars/Original-Facebook-Geek-Profile-Avatar-5.jpg | https://the-internet.herokuapp.com/img/avatars/Original-Facebook-Geek-Profile-Avatar-6.jpg | https://the-internet.herokuapp.com/img/avatars/Original-Facebook-Geek-Profile-Avatar-2.jpg | https://the-internet.herokuapp.com/img/avatars/Original-Facebook-Geek-Profile-Avatar-7.jpg ] contains value 'https://the-internet.herokuapp.com/img/avatars/Original-Facebook-Geek-Profile-Avatar-2.jpg'.</msg>
<status status="FAIL" starttime="20230517 12:56:31.617" endtime="20230517 12:56:31.618"/>
</kw>
<msg timestamp="20230517 12:56:31.618" level="INFO">${status} = False</msg>
<status status="PASS" starttime="20230517 12:56:31.616" endtime="20230517 12:56:31.618"/>
</kw>
<if>
<branch type="IF" condition="'${status}' != '${FALSE}'">
<kw name="Append In List" library="DynamicContent">
<arg>${First_5_Images}</arg>
<arg>${src}</arg>
<status status="NOT RUN" starttime="20230517 12:56:31.619" endtime="20230517 12:56:31.619"/>
</kw>
<status status="NOT RUN" starttime="20230517 12:56:31.618" endtime="20230517 12:56:31.619"/>
</branch>
<status status="PASS" starttime="20230517 12:56:31.618" endtime="20230517 12:56:31.619"/>
</if>
<status status="PASS" starttime="20230517 12:56:31.615" endtime="20230517 12:56:31.619"/>
</branch>
<status status="PASS" starttime="20230517 12:56:31.615" endtime="20230517 12:56:31.619"/>
</if>
<kw name="Get Length" library="BuiltIn">
<var>${length}</var>
<arg>${First_5_Images}</arg>
<doc>Returns and logs the length of the given item as an integer.</doc>
<msg timestamp="20230517 12:56:31.620" level="INFO">Length is 4</msg>
<msg timestamp="20230517 12:56:31.620" level="INFO">${length} = 4</msg>
<status status="PASS" starttime="20230517 12:56:31.619" endtime="20230517 12:56:31.620"/>
</kw>
<kw name="Exit For Loop If" library="BuiltIn">
<arg>${length}==5</arg>
<doc>Stops executing the enclosing FOR loop if the ``condition`` is true.</doc>
<status status="PASS" starttime="20230517 12:56:31.620" endtime="20230517 12:56:31.621"/>
</kw>
<status status="PASS" starttime="20230517 12:56:31.615" endtime="20230517 12:56:31.621"/>
</iter>
<iter>
<var name="${j}">https://the-internet.herokuapp.com/img/avatars/Original-Facebook-Geek-Profile-Avatar-2.jpg</var>
<if>
<branch type="IF" condition="'${src}' != '${j}'">
<kw name="Run Keyword And Return Status" library="BuiltIn">
<var>${status}</var>
<arg>List Should Not Contain Value</arg>
<arg>${First_5_Images}</arg>
<arg>${src}</arg>
<doc>Runs the given keyword with given arguments and returns the status as a Boolean value.</doc>
<status status="NOT RUN" starttime="20230517 12:56:31.622" endtime="20230517 12:56:31.622"/>
</kw>
<if>
<branch type="IF" condition="'${status}' != '${FALSE}'">
<kw name="Append In List" library="DynamicContent">
<arg>${First_5_Images}</arg>
<arg>${src}</arg>
<status status="NOT RUN" starttime="20230517 12:56:31.622" endtime="20230517 12:56:31.622"/>
</kw>
<status status="NOT RUN" starttime="20230517 12:56:31.622" endtime="20230517 12:56:31.622"/>
</branch>
<status status="NOT RUN" starttime="20230517 12:56:31.622" endtime="20230517 12:56:31.623"/>
</if>
<status status="NOT RUN" starttime="20230517 12:56:31.621" endtime="20230517 12:56:31.623"/>
</branch>
<status status="PASS" starttime="20230517 12:56:31.621" endtime="20230517 12:56:31.623"/>
</if>
<kw name="Get Length" library="BuiltIn">
<var>${length}</var>
<arg>${First_5_Images}</arg>
<doc>Returns and logs the length of the given item as an integer.</doc>
<msg timestamp="20230517 12:56:31.623" level="INFO">Length is 4</msg>
<msg timestamp="20230517 12:56:31.623" level="INFO">${length} = 4</msg>
<status status="PASS" starttime="20230517 12:56:31.623" endtime="20230517 12:56:31.623"/>
</kw>
<kw name="Exit For Loop If" library="BuiltIn">
<arg>${length}==5</arg>
<doc>Stops executing the enclosing FOR loop if the ``condition`` is true.</doc>
<status status="PASS" starttime="20230517 12:56:31.624" endtime="20230517 12:56:31.624"/>
</kw>
<status status="PASS" starttime="20230517 12:56:31.621" endtime="20230517 12:56:31.624"/>
</iter>
<iter>
<var name="${j}">https://the-internet.herokuapp.com/img/avatars/Original-Facebook-Geek-Profile-Avatar-7.jpg</var>
<if>
<branch type="IF" condition="'${src}' != '${j}'">
<kw name="Run Keyword And Return Status" library="BuiltIn">
<var>${status}</var>
<arg>List Should Not Contain Value</arg>
<arg>${First_5_Images}</arg>
<arg>${src}</arg>
<doc>Runs the given keyword with given arguments and returns the status as a Boolean value.</doc>
<kw name="List Should Not Contain Value" library="Collections">
<arg>${First_5_Images}</arg>
<arg>${src}</arg>
<doc>Fails if the ``value`` is found from ``list``.</doc>
<msg timestamp="20230517 12:56:31.626" level="FAIL">[ https://the-internet.herokuapp.com/img/avatars/Original-Facebook-Geek-Profile-Avatar-5.jpg | https://the-internet.herokuapp.com/img/avatars/Original-Facebook-Geek-Profile-Avatar-6.jpg | https://the-internet.herokuapp.com/img/avatars/Original-Facebook-Geek-Profile-Avatar-2.jpg | https://the-internet.herokuapp.com/img/avatars/Original-Facebook-Geek-Profile-Avatar-7.jpg ] contains value 'https://the-internet.herokuapp.com/img/avatars/Original-Facebook-Geek-Profile-Avatar-2.jpg'.</msg>
<status status="FAIL" starttime="20230517 12:56:31.625" endtime="20230517 12:56:31.626"/>
</kw>
<msg timestamp="20230517 12:56:31.626" level="INFO">${status} = False</msg>
<status status="PASS" starttime="20230517 12:56:31.625" endtime="20230517 12:56:31.626"/>
</kw>
<if>
<branch type="IF" condition="'${status}' != '${FALSE}'">
<kw name="Append In List" library="DynamicContent">
<arg>${First_5_Images}</arg>
<arg>${src}</arg>
<status status="NOT RUN" starttime="20230517 12:56:31.627" endtime="20230517 12:56:31.627"/>
</kw>
<status status="NOT RUN" starttime="20230517 12:56:31.626" endtime="20230517 12:56:31.627"/>
</branch>
<status status="PASS" starttime="20230517 12:56:31.626" endtime="20230517 12:56:31.627"/>
</if>
<status status="PASS" starttime="20230517 12:56:31.624" endtime="20230517 12:56:31.627"/>
</branch>
<status status="PASS" starttime="20230517 12:56:31.624" endtime="20230517 12:56:31.627"/>
</if>
<kw name="Get Length" library="BuiltIn">
<var>${length}</var>
<arg>${First_5_Images}</arg>
<doc>Returns and logs the length of the given item as an integer.</doc>
<msg timestamp="20230517 12:56:31.627" level="INFO">Length is 4</msg>
<msg timestamp="20230517 12:56:31.627" level="INFO">${length} = 4</msg>
<status status="PASS" starttime="20230517 12:56:31.627" endtime="20230517 12:56:31.628"/>
</kw>
<kw name="Exit For Loop If" library="BuiltIn">
<arg>${length}==5</arg>
<doc>Stops executing the enclosing FOR loop if the ``condition`` is true.</doc>
<status status="PASS" starttime="20230517 12:56:31.628" endtime="20230517 12:56:31.628"/>
</kw>
<status status="PASS" starttime="20230517 12:56:31.624" endtime="20230517 12:56:31.628"/>
</iter>
<status status="PASS" starttime="20230517 12:56:31.608" endtime="20230517 12:56:31.628"/>
</for>
<kw name="Get Length" library="BuiltIn">
<var>${length}</var>
<arg>${First_5_Images}</arg>
<doc>Returns and logs the length of the given item as an integer.</doc>
<msg timestamp="20230517 12:56:31.629" level="INFO">Length is 4</msg>
<msg timestamp="20230517 12:56:31.629" level="INFO">${length} = 4</msg>
<status status="PASS" starttime="20230517 12:56:31.628" endtime="20230517 12:56:31.629"/>
</kw>
<kw name="Exit For Loop If" library="BuiltIn">
<arg>${length}==5</arg>
<doc>Stops executing the enclosing FOR loop if the ``condition`` is true.</doc>
<status status="PASS" starttime="20230517 12:56:31.629" endtime="20230517 12:56:31.629"/>
</kw>
<status status="PASS" starttime="20230517 12:56:31.539" endtime="20230517 12:56:31.629"/>
</iter>
<iter>
<var name="${i}">3</var>
<kw name="Get Element Attribute" library="SeleniumLibrary">
<var>${src}</var>
<arg>${DYNAMIC_CONTENT_IMG${i}}</arg>
<arg>src</arg>
<doc>Returns the value of ``attribute`` from the element ``locator``.</doc>
<msg timestamp="20230517 12:56:31.685" level="INFO">${src} = https://the-internet.herokuapp.com/img/avatars/Original-Facebook-Geek-Profile-Avatar-2.jpg</msg>
<status status="PASS" starttime="20230517 12:56:31.630" endtime="20230517 12:56:31.685"/>
</kw>
<for flavor="IN">
<var>${j}</var>
<value>@{First_5_Images}</value>
<iter>
<var name="${j}">https://the-internet.herokuapp.com/img/avatars/Original-Facebook-Geek-Profile-Avatar-5.jpg</var>
<if>
<branch type="IF" condition="'${src}' != '${j}'">
<kw name="Run Keyword And Return Status" library="BuiltIn">
<var>${status}</var>
[...]
<kw name="List Should Not Contain Value" library="Collections">
<arg>${First_5_Images}</arg>
<arg>${src}</arg>
<doc>Fails if the ``value`` is found from ``list``.</doc>
<msg timestamp="20230517 12:56:32.061" level="FAIL">[ https://the-internet.herokuapp.com/img/avatars/Original-Facebook-Geek-Profile-Avatar-5.jpg | https://the-internet.herokuapp.com/img/avatars/Original-Facebook-Geek-Profile-Avatar-6.jpg | https://the-internet.herokuapp.com/img/avatars/Original-Facebook-Geek-Profile-Avatar-2.jpg | https://the-internet.herokuapp.com/img/avatars/Original-Facebook-Geek-Profile-Avatar-7.jpg ] contains value 'https://the-internet.herokuapp.com/img/avatars/Original-Facebook-Geek-Profile-Avatar-7.jpg'.</msg>
<status status="FAIL" starttime="20230517 12:56:32.060" endtime="20230517 12:56:32.061"/>
</kw>
<msg timestamp="20230517 12:56:32.061" level="INFO">${status} = False</msg>
<status status="PASS" starttime="20230517 12:56:32.059" endtime="20230517 12:56:32.062"/>
</kw>
<if>
<branch type="IF" condition="'${status}' != '${FALSE}'">
<kw name="Append In List" library="DynamicContent">
<arg>${First_5_Images}</arg>
<arg>${src}</arg>
<status status="NOT RUN" starttime="20230517 12:56:32.062" endtime="20230517 12:56:32.062"/>
</kw>
<status status="NOT RUN" starttime="20230517 12:56:32.062" endtime="20230517 12:56:32.062"/>
</branch>
<status status="PASS" starttime="20230517 12:56:32.062" endtime="20230517 12:56:32.062"/>
</if>
<status status="PASS" starttime="20230517 12:56:32.058" endtime="20230517 12:56:32.062"/>
</branch>
<status status="PASS" starttime="20230517 12:56:32.058" endtime="20230517 12:56:32.062"/>
</if>
<kw name="Get Length" library="BuiltIn">
<var>${length}</var>
<arg>${First_5_Images}</arg>
<doc>Returns and logs the length of the given item as an integer.</doc>
<msg timestamp="20230517 12:56:32.062" level="INFO">Length is 4</msg>
<msg timestamp="20230517 12:56:32.062" level="INFO">${length} = 4</msg>
<status status="PASS" starttime="20230517 12:56:32.062" endtime="20230517 12:56:32.062"/>
</kw>
<kw name="Exit For Loop If" library="BuiltIn">
<arg>${length}==5</arg>
<doc>Stops executing the enclosing FOR loop if the ``condition`` is true.</doc>
<status status="PASS" starttime="20230517 12:56:32.062" endtime="20230517 12:56:32.063"/>
</kw>
<status status="PASS" starttime="20230517 12:56:32.058" endtime="20230517 12:56:32.063"/>
</iter>
<iter>
<var name="${j}">https://the-internet.herokuapp.com/img/avatars/Original-Facebook-Geek-Profile-Avatar-6.jpg</var>
<if>
<branch type="IF" condition="'${src}' != '${j}'">
<kw name="Run Keyword And Return Status" library="BuiltIn">
<var>${status}</var>
<arg>List Should Not Contain Value</arg>
<arg>${First_5_Images}</arg>
<arg>${src}</arg>
<doc>Runs the given keyword with given arguments and returns the status as a Boolean value.</doc>
<kw name="List Should Not Contain Value" library="Collections">
<arg>${First_5_Images}</arg>
<arg>${src}</arg>
<doc>Fails if the ``value`` is found from ``list``.</doc>
<msg timestamp="20230517 12:56:32.063" level="FAIL">[ https://the-internet.herokuapp.com/img/avatars/Original-Facebook-Geek-Profile-Avatar-5.jpg | https://the-internet.herokuapp.com/img/avatars/Original-Facebook-Geek-Profile-Avatar-6.jpg | https://the-internet.herokuapp.com/img/avatars/Original-Facebook-Geek-Profile-Avatar-2.jpg | https://the-internet.herokuapp.com/img/avatars/Original-Facebook-Geek-Profile-Avatar-7.jpg ] contains value 'https://the-internet.herokuapp.com/img/avatars/Original-Facebook-Geek-Profile-Avatar-7.jpg'.</msg>
<status status="FAIL" starttime="20230517 12:56:32.063" endtime="20230517 12:56:32.063"/>
</kw>
<msg timestamp="20230517 12:56:32.063" level="INFO">${status} = False</msg>
<status status="PASS" starttime="20230517 12:56:32.063" endtime="20230517 12:56:32.063"/>
</kw>
<if>
<branch type="IF" condition="'${status}' != '${FALSE}'">
<kw name="Append In List" library="DynamicContent">
<arg>${First_5_Images}</arg>
<arg>${src}</arg>
<status status="NOT RUN" starttime="20230517 12:56:32.064" endtime="20230517 12:56:32.064"/>
</kw>
<status status="NOT RUN" starttime="20230517 12:56:32.063" endtime="20230517 12:56:32.064"/>
</branch>
<status status="PASS" starttime="20230517 12:56:32.063" endtime="20230517 12:56:32.064"/>
</if>
<status status="PASS" starttime="20230517 12:56:32.063" endtime="20230517 12:56:32.064"/>
</branch>
<status status="PASS" starttime="20230517 12:56:32.063" endtime="20230517 12:56:32.064"/>
</if>
<kw name="Get Length" library="BuiltIn">
<var>${length}</var>
<arg>${First_5_Images}</arg>
<doc>Returns and logs the length of the given item as an integer.</doc>
<msg timestamp="20230517 12:56:32.064" level="INFO">Length is 4</msg>
<msg timestamp="20230517 12:56:32.064" level="INFO">${length} = 4</msg>
<status status="PASS" starttime="20230517 12:56:32.064" endtime="20230517 12:56:32.064"/>
</kw>
<kw name="Exit For Loop If" library="BuiltIn">
<arg>${length}==5</arg>
<doc>Stops executing the enclosing FOR loop if the ``condition`` is true.</doc>
<status status="PASS" starttime="20230517 12:56:32.064" endtime="20230517 12:56:32.064"/>
</kw>
<status status="PASS" starttime="20230517 12:56:32.063" endtime="20230517 12:56:32.064"/>
</iter>
<iter>
<var name="${j}">https://the-internet.herokuapp.com/img/avatars/Original-Facebook-Geek-Profile-Avatar-2.jpg</var>
<if>
<branch type="IF" condition="'${src}' != '${j}'">
<kw name="Run Keyword And Return Status" library="BuiltIn">
<var>${status}</var>
<arg>List Should Not Contain Value</arg>
<arg>${First_5_Images}</arg>
<arg>${src}</arg>
<doc>Runs the given keyword with given arguments and returns the status as a Boolean value.</doc>
<kw name="List Should Not Contain Value" library="Collections">
<arg>${First_5_Images}</arg>
<arg>${src}</arg>
<doc>Fails if the ``value`` is found from ``list``.</doc>
<msg timestamp="20230517 12:56:32.065" level="FAIL">[ https://the-internet.herokuapp.com/img/avatars/Original-Facebook-Geek-Profile-Avatar-5.jpg | https://the-internet.herokuapp.com/img/avatars/Original-Facebook-Geek-Profile-Avatar-6.jpg | https://the-internet.herokuapp.com/img/avatars/Original-Facebook-Geek-Profile-Avatar-2.jpg | https://the-internet.herokuapp.com/img/avatars/Original-Facebook-Geek-Profile-Avatar-7.jpg ] contains value 'https://the-internet.herokuapp.com/img/avatars/Original-Facebook-Geek-Profile-Avatar-7.jpg'.</msg>
<status status="FAIL" starttime="20230517 12:56:32.065" endtime="20230517 12:56:32.065"/>
</kw>
<msg timestamp="20230517 12:56:32.065" level="INFO">${status} = False</msg>
<status status="PASS" starttime="20230517 12:56:32.065" endtime="20230517 12:56:32.065"/>
</kw>
<if>
<branch type="IF" condition="'${status}' != '${FALSE}'">
<kw name="Append In List" library="DynamicContent">
<arg>${First_5_Images}</arg>
<arg>${src}</arg>
<status status="NOT RUN" starttime="20230517 12:56:32.065" endtime="20230517 12:56:32.065"/>
</kw>
<status status="NOT RUN" starttime="20230517 12:56:32.065" endtime="20230517 12:56:32.065"/>
</branch>
<status status="PASS" starttime="20230517 12:56:32.065" endtime="20230517 12:56:32.065"/>
</if>
<status status="PASS" starttime="20230517 12:56:32.064" endtime="20230517 12:56:32.065"/>
</branch>
<status status="PASS" starttime="20230517 12:56:32.064" endtime="20230517 12:56:32.065"/>
</if>
<kw name="Get Length" library="BuiltIn">
<var>${length}</var>
<arg>${First_5_Images}</arg>
<doc>Returns and logs the length of the given item as an integer.</doc>
<msg timestamp="20230517 12:56:32.066" level="INFO">Length is 4</msg>
<msg timestamp="20230517 12:56:32.066" level="INFO">${length} = 4</msg>
<status status="PASS" starttime="20230517 12:56:32.066" endtime="20230517 12:56:32.066"/>
</kw>
<kw name="Exit For Loop If" library="BuiltIn">
<arg>${length}==5</arg>
<doc>Stops executing the enclosing FOR loop if the ``condition`` is true.</doc>
<status status="PASS" starttime="20230517 12:56:32.066" endtime="20230517 12:56:32.066"/>
</kw>
<status status="PASS" starttime="20230517 12:56:32.064" endtime="20230517 12:56:32.066"/>
</iter>
<iter>
<var name="${j}">https://the-internet.herokuapp.com/img/avatars/Original-Facebook-Geek-Profile-Avatar-7.jpg</var>
<if>
<branch type="IF" condition="'${src}' != '${j}'">
<kw name="Run Keyword And Return Status" library="BuiltIn">
<var>${status}</var>
<arg>List Should Not Contain Value</arg>
<arg>${First_5_Images}</arg>
<arg>${src}</arg>
<doc>Runs the given keyword with given arguments and returns the status as a Boolean value.</doc>
<status status="NOT RUN" starttime="20230517 12:56:32.066" endtime="20230517 12:56:32.066"/>
</kw>
<if>
<branch type="IF" condition="'${status}' != '${FALSE}'">
<kw name="Append In List" library="DynamicContent">
<arg>${First_5_Images}</arg>
<arg>${src}</arg>
<status status="NOT RUN" starttime="20230517 12:56:32.066" endtime="20230517 12:56:32.066"/>
</kw>
<status status="NOT RUN" starttime="20230517 12:56:32.066" endtime="20230517 12:56:32.067"/>
</branch>
<status status="NOT RUN" starttime="20230517 12:56:32.066" endtime="20230517 12:56:32.067"/>
</if>
<status status="NOT RUN" starttime="20230517 12:56:32.066" endtime="20230517 12:56:32.067"/>
</branch>
<status status="PASS" starttime="20230517 12:56:32.066" endtime="20230517 12:56:32.067"/>
</if>
<kw name="Get Length" library="BuiltIn">
<var>${length}</var>
<arg>${First_5_Images}</arg>
<doc>Returns and logs the length of the given item as an integer.</doc>
<msg timestamp="20230517 12:56:32.067" level="INFO">Length is 4</msg>
<msg timestamp="20230517 12:56:32.067" level="INFO">${length} = 4</msg>
<status status="PASS" starttime="20230517 12:56:32.067" endtime="20230517 12:56:32.067"/>
</kw>
<kw name="Exit For Loop If" library="BuiltIn">
<arg>${length}==5</arg>
<doc>Stops executing the enclosing FOR loop if the ``condition`` is true.</doc>
<status status="PASS" starttime="20230517 12:56:32.067" endtime="20230517 12:56:32.067"/>
</kw>
<status status="PASS" starttime="20230517 12:56:32.066" endtime="20230517 12:56:32.067"/>
</iter>
<status status="PASS" starttime="20230517 12:56:32.057" endtime="20230517 12:56:32.067"/>
</for>
<kw name="Get Length" library="BuiltIn">
<var>${length}</var>
<arg>${First_5_Images}</arg>
<doc>Returns and logs the length of the given item as an integer.</doc>
<msg timestamp="20230517 12:56:32.067" level="INFO">Length is 4</msg>
<msg timestamp="20230517 12:56:32.067" level="INFO">${length} = 4</msg>
<status status="PASS" starttime="20230517 12:56:32.067" endtime="20230517 12:56:32.068"/>
</kw>
<kw name="Exit For Loop If" library="BuiltIn">
<arg>${length}==5</arg>
<doc>Stops executing the enclosing FOR loop if the ``condition`` is true.</doc>
<status status="PASS" starttime="20230517 12:56:32.068" endtime="20230517 12:56:32.068"/>
</kw>
<status status="PASS" starttime="20230517 12:56:32.002" endtime="20230517 12:56:32.068"/>
</iter>
<status status="PASS" starttime="20230517 12:56:31.825" endtime="20230517 12:56:32.068"/>
</for>
<kw name="Get Length" library="BuiltIn">
<var>${length}</var>
<arg>${First_5_Images}</arg>
<doc>Returns and logs the length of the given item as an integer.</doc>
<msg timestamp="20230517 12:56:32.068" level="INFO">Length is 4</msg>
<msg timestamp="20230517 12:56:32.068" level="INFO">${length} = 4</msg>
<status status="PASS" starttime="20230517 12:56:32.068" endtime="20230517 12:56:32.068"/>
</kw>
<kw name="Exit For Loop If" library="BuiltIn">
<arg>${length}==5</arg>
<doc>Stops executing the enclosing FOR loop if the ``condition`` is true.</doc>
<status status="PASS" starttime="20230517 12:56:32.068" endtime="20230517 12:56:32.068"/>
</kw>
<status status="PASS" starttime="20230517 12:56:31.693" endtime="20230517 12:56:32.068"/>
</iter>
<iter>
<if>
<branch type="IF" condition="${length} == 0">
<kw name="Get Element Attribute" library="SeleniumLibrary">
<var>${src}</var>
<arg>${DYNAMIC_CONTENT_IMG1}</arg>
<arg>src</arg>
<doc>Returns the value of ``attribute`` from the element ``locator``.</doc>
<status status="NOT RUN" starttime="20230517 12:56:32.069" endtime="20230517 12:56:32.069"/>
</kw>
<kw name="Append In List" library="DynamicContent">
<arg>${First_5_Images}</arg>
<arg>${src}</arg>
<status status="NOT RUN" starttime="20230517 12:56:32.069" endtime="20230517 12:56:32.069"/>
</kw>
<status status="NOT RUN" starttime="20230517 12:56:32.069" endtime="20230517 12:56:32.069"/>
</branch>
<status status="PASS" starttime="20230517 12:56:32.069" endtime="20230517 12:56:32.069"/>
</if>
<kw name="Refresh Page Until All The Images Appears At Least One Time" library="DynamicContent">
<kw name="Reload Page" library="SeleniumLibrary">
<doc>Simulates user reloading page.</doc>
<status status="PASS" starttime="20230517 12:56:32.069" endtime="20230517 12:56:32.211"/>
</kw>
<status status="PASS" starttime="20230517 12:56:32.069" endtime="20230517 12:56:32.211"/>
</kw>
<for flavor="IN RANGE">
<var>${i}</var>
<value>1</value>
<value>4</value>
<iter>
<var name="${i}">1</var>
<kw name="Get Element Attribute" library="SeleniumLibrary">
<var>${src}</var>
<arg>${DYNAMIC_CONTENT_IMG${i}}</arg>
<arg>src</arg>
<doc>Returns the value of ``attribute`` from the element ``locator``.</doc>
<msg timestamp="20230517 12:56:32.274" level="INFO">${src} = https://the-internet.herokuapp.com/img/avatars/Original-Facebook-Geek-Profile-Avatar-1.jpg</msg>
<status status="PASS" starttime="20230517 12:56:32.211" endtime="20230517 12:56:32.274"/>
</kw>
<for flavor="IN">
<var>${j}</var>
<value>@{First_5_Images}</value>
<iter>
<var name="${j}">https://the-internet.herokuapp.com/img/avatars/Original-Facebook-Geek-Profile-Avatar-5.jpg</var>
<if>
<branch type="IF" condition="'${src}' != '${j}'">
<kw name="Run Keyword And Return Status" library="BuiltIn">
<var>${status}</var>
<arg>List Should Not Contain Value</arg>
<arg>${First_5_Images}</arg>
<arg>${src}</arg>
<doc>Runs the given keyword with given arguments and returns the status as a Boolean value.</doc>
<kw name="List Should Not Contain Value" library="Collections">
<arg>${First_5_Images}</arg>
<arg>${src}</arg>
<doc>Fails if the ``value`` is found from ``list``.</doc>
<status status="PASS" starttime="20230517 12:56:32.275" endtime="20230517 12:56:32.275"/>
</kw>
<msg timestamp="20230517 12:56:32.275" level="INFO">${status} = True</msg>
<status status="PASS" starttime="20230517 12:56:32.274" endtime="20230517 12:56:32.275"/>
</kw>
<if>
<branch type="IF" condition="'${status}' != '${FALSE}'">
<kw name="Append In List" library="DynamicContent">
<arg>${First_5_Images}</arg>
<arg>${src}</arg>
<kw name="Append To List" library="Collections">
<arg>${First_5_Images}</arg>
<arg>${src}</arg>
<doc>Adds ``values`` to the end of ``list``.</doc>
<status status="PASS" starttime="20230517 12:56:32.276" endtime="20230517 12:56:32.276"/>
</kw>
<status status="PASS" starttime="20230517 12:56:32.275" endtime="20230517 12:56:32.276"/>
</kw>
<status status="PASS" starttime="20230517 12:56:32.275" endtime="20230517 12:56:32.276"/>
</branch>
<status status="PASS" starttime="20230517 12:56:32.275" endtime="20230517 12:56:32.276"/>
</if>
<status status="PASS" starttime="20230517 12:56:32.274" endtime="20230517 12:56:32.276"/>
</branch>
<status status="PASS" starttime="20230517 12:56:32.274" endtime="20230517 12:56:32.276"/>
</if>
<kw name="Get Length" library="BuiltIn">
<var>${length}</var>
<arg>${First_5_Images}</arg>
<doc>Returns and logs the length of the given item as an integer.</doc>
<msg timestamp="20230517 12:56:32.276" level="INFO">Length is 5</msg>
<msg timestamp="20230517 12:56:32.276" level="INFO">${length} = 5</msg>
<status status="PASS" starttime="20230517 12:56:32.276" endtime="20230517 12:56:32.276"/>
</kw>
<kw name="Exit For Loop If" library="BuiltIn">
<arg>${length}==5</arg>
<doc>Stops executing the enclosing FOR loop if the ``condition`` is true.</doc>
<msg timestamp="20230517 12:56:32.277" level="INFO">Exiting for loop altogether.</msg>
<status status="PASS" starttime="20230517 12:56:32.277" endtime="20230517 12:56:32.277"/>
</kw>
<status status="PASS" starttime="20230517 12:56:32.274" endtime="20230517 12:56:32.277"/>
</iter>
<status status="PASS" starttime="20230517 12:56:32.274" endtime="20230517 12:56:32.277"/>
</for>
<kw name="Get Length" library="BuiltIn">
<var>${length}</var>
<arg>${First_5_Images}</arg>
<doc>Returns and logs the length of the given item as an integer.</doc>
<msg timestamp="20230517 12:56:32.277" level="INFO">Length is 5</msg>
<msg timestamp="20230517 12:56:32.277" level="INFO">${length} = 5</msg>
<status status="PASS" starttime="20230517 12:56:32.277" endtime="20230517 12:56:32.277"/>
</kw>
<kw name="Exit For Loop If" library="BuiltIn">
<arg>${length}==5</arg>
<doc>Stops executing the enclosing FOR loop if the ``condition`` is true.</doc>
<msg timestamp="20230517 12:56:32.278" level="INFO">Exiting for loop altogether.</msg>
<status status="PASS" starttime="20230517 12:56:32.277" endtime="20230517 12:56:32.278"/>
</kw>
<status status="PASS" starttime="20230517 12:56:32.211" endtime="20230517 12:56:32.278"/>
</iter>
<status status="PASS" starttime="20230517 12:56:32.211" endtime="20230517 12:56:32.278"/>
</for>
<kw name="Get Length" library="BuiltIn">
<var>${length}</var>
<arg>${First_5_Images}</arg>
<doc>Returns and logs the length of the given item as an integer.</doc>
<msg timestamp="20230517 12:56:32.278" level="INFO">Length is 5</msg>
<msg timestamp="20230517 12:56:32.278" level="INFO">${length} = 5</msg>
<status status="PASS" starttime="20230517 12:56:32.278" endtime="20230517 12:56:32.278"/>
</kw>
<kw name="Exit For Loop If" library="BuiltIn">
<arg>${length}==5</arg>
<doc>Stops executing the enclosing FOR loop if the ``condition`` is true.</doc>
<msg timestamp="20230517 12:56:32.278" level="INFO">Exiting for loop altogether.</msg>
<status status="PASS" starttime="20230517 12:56:32.278" endtime="20230517 12:56:32.279"/>
</kw>
<status status="PASS" starttime="20230517 12:56:32.068" endtime="20230517 12:56:32.279"/>
</iter>
<status status="PASS" starttime="20230517 12:56:30.355" endtime="20230517 12:56:32.279"/>
</while>
<kw name="Validate All The Values Into List" library="DynamicContent">
<kw name="Log" library="BuiltIn">
<arg>In page already appear 5 differents images</arg>
<arg>error</arg>
<doc>Logs the given message with the given level.</doc>
<msg timestamp="20230517 12:56:32.279" level="ERROR">In page already appear 5 differents images</msg>
<status status="PASS" starttime="20230517 12:56:32.279" endtime="20230517 12:56:32.280"/>
</kw>
<status status="PASS" starttime="20230517 12:56:32.279" endtime="20230517 12:56:32.280"/>
</kw>
<status status="PASS" starttime="20230517 12:56:30.354" endtime="20230517 12:56:32.280"/>
</kw>
<kw name="End Web Test" library="Common" type="TEARDOWN">
<kw name="Close All Browsers" library="SeleniumLibrary">
<doc>Closes all open browsers and resets the browser cache.</doc>
<status status="PASS" starttime="20230517 12:56:32.281" endtime="20230517 12:56:34.531"/>
</kw>
<status status="PASS" starttime="20230517 12:56:32.280" endtime="20230517 12:56:34.532"/>
</kw>
<doc>Test to validate all the images appear at least once</doc>
<tag>DynamicContent</tag>
<status status="PASS" starttime="20230517 12:56:26.667" endtime="20230517 12:56:34.533"/>
</test>
<doc>This project is about Exercisie Automated Testing in http://moodle/mod/assign/view.php?id=1825</doc>
<status status="PASS" starttime="20230517 12:56:26.168" endtime="20230517 12:56:34.538"/>
</suite>
<status status="PASS" starttime="20230517 12:56:26.146" endtime="20230517 12:56:34.544"/>
</suite>
<statistics>
<total>
<stat pass="1" fail="0" skip="0">All Tests</stat>
</total>
<tag>
<stat pass="1" fail="0" skip="0">DynamicContent</stat>
</tag>
<suite>
<stat pass="1" fail="0" skip="0" id="s1" name="Tests">Tests</stat>
<stat pass="1" fail="0" skip="0" id="s1-s1" name="Exercises">Tests.Exercises</stat>
</suite>
</statistics>
<errors>
<msg timestamp="20230517 12:56:32.279" level="ERROR">In page already appear 5 differents images</msg>
</errors>
</robot>
